<?xml version="1.0" encoding="UTF-8"?>
<robot generator="Robot 5.0 (Python 3.6.9 on linux)" generated="20220530 17:11:16.655" rpa="false" schemaversion="3">
<suite id="s1" name="Tester" source="/home/usr_admin/auto_qc/web_auto/QC-WEB-MX/testCases/tester.robot">
<kw name="-CONFIGURACIÓN INICIAL SUITETEST-" library="libraries_keywords" type="SETUP">
<kw name="-ABRIR CHARLES-" library="libraries_keywords">
<kw name="Start Charles Proxy In Headless Mode" library="charles_library">
<status status="PASS" starttime="20220530 17:11:17.068" endtime="20220530 17:11:21.075"/>
</kw>
<kw name="Sleep" library="BuiltIn">
<arg>4</arg>
<doc>Pauses the test executed for the given time.</doc>
<msg timestamp="20220530 17:11:25.077" level="INFO">Slept 4 seconds</msg>
<status status="PASS" starttime="20220530 17:11:21.076" endtime="20220530 17:11:25.077"/>
</kw>
<status status="PASS" starttime="20220530 17:11:17.068" endtime="20220530 17:11:25.078"/>
</kw>
<kw name="-INICIAR GRABACION CHARLES-" library="libraries_keywords">
<kw name="Start Charles Proxy Session Recording" library="charles_library">
<status status="PASS" starttime="20220530 17:11:25.078" endtime="20220530 17:11:25.108"/>
</kw>
<status status="PASS" starttime="20220530 17:11:25.078" endtime="20220530 17:11:25.108"/>
</kw>
<status status="PASS" starttime="20220530 17:11:17.067" endtime="20220530 17:11:25.108"/>
</kw>
<test id="s1-t1" name="CV-WEB-ACCESO-VALIDAR LOGOUT" line="11">
<kw name="-CONFIGURACIÓN TESTCASE-" library="libraries_keywords" type="SETUP">
<kw name="-CONFIGURAR DIRECTORIO SCREENSHOTS-" library="libraries_keywords">
<kw name="Set Screenshot Directory" library="Selenium2Library">
<arg>${screenshots-folder}</arg>
<doc>Sets the directory for captured screenshots.</doc>
<status status="PASS" starttime="20220530 17:11:25.114" endtime="20220530 17:11:25.115"/>
</kw>
<status status="PASS" starttime="20220530 17:11:25.113" endtime="20220530 17:11:25.115"/>
</kw>
<status status="PASS" starttime="20220530 17:11:25.113" endtime="20220530 17:11:25.115"/>
</kw>
<kw name="-LOGIN HOME CV-" library="tests_keywords">
<arg>${email_valido}</arg>
<arg>${pass_valido}</arg>
<kw name="-ABRIR LOGIN PAGE-" library="tests_keywords">
<kw name="Open Browser" library="Selenium2Library">
<arg>${url_login_page}</arg>
<arg>${browser}</arg>
<doc>Opens a new browser instance to the optional ``url``.</doc>
<msg timestamp="20220530 17:11:25.117" level="INFO">Opening browser 'headlesschrome' to base url 'https://www.clarovideo.com/mexico/login'.</msg>
<status status="PASS" starttime="20220530 17:11:25.117" endtime="20220530 17:11:28.344"/>
</kw>
<status status="PASS" starttime="20220530 17:11:25.116" endtime="20220530 17:11:28.345"/>
</kw>
<kw name="-INGRESAR EMAIL PARA LOGIN-" library="tests_keywords">
<arg>${email}</arg>
<kw name="Wait Until Element Is Visible" library="Selenium2Library">
<arg>${elementos_login_email['reg_emailtextbox']}</arg>
<doc>Waits until the element ``locator`` is visible.</doc>
<status status="PASS" starttime="20220530 17:11:28.346" endtime="20220530 17:11:29.032"/>
</kw>
<kw name="Input Text" library="Selenium2Library">
<arg>${elementos_login_email['reg_emailtextbox']}</arg>
<arg>${email}</arg>
<doc>Types the given ``text`` into the text field identified by ``locator``.</doc>
<msg timestamp="20220530 17:11:29.034" level="INFO">Typing text 's_tamezaa@globalhitss.com' into text field 'xpath=//*[@id="emailLogin"]'.</msg>
<status status="PASS" starttime="20220530 17:11:29.033" endtime="20220530 17:11:29.351"/>
</kw>
<kw name="Click Button" library="Selenium2Library">
<arg>${elementos_login_email['log_siguiente']}</arg>
<doc>Clicks the button identified by ``locator``.</doc>
<msg timestamp="20220530 17:11:29.353" level="INFO">Clicking button 'xpath=/html/body/div[2]/div/div[1]/div/div[2]/div/div/div[3]/div/button'.</msg>
<status status="PASS" starttime="20220530 17:11:29.352" endtime="20220530 17:11:29.476"/>
</kw>
<status status="PASS" starttime="20220530 17:11:28.345" endtime="20220530 17:11:29.477"/>
</kw>
<kw name="-INGRESAR PASSWORD PARA LOGIN-" library="tests_keywords">
<arg>${password}</arg>
<kw name="Wait Until Element Is Visible" library="Selenium2Library">
<arg>${elementos_login_pass['reg_pass_passtextbox']}</arg>
<doc>Waits until the element ``locator`` is visible.</doc>
<status status="PASS" starttime="20220530 17:11:29.478" endtime="20220530 17:11:29.963"/>
</kw>
<kw name="Input Text" library="Selenium2Library">
<arg>${elementos_login_pass['reg_pass_passtextbox']}</arg>
<arg>${password}</arg>
<doc>Types the given ``text`` into the text field identified by ``locator``.</doc>
<msg timestamp="20220530 17:11:29.965" level="INFO">Typing text 'Claro123!' into text field 'xpath=//*[@id="password"]'.</msg>
<status status="PASS" starttime="20220530 17:11:29.963" endtime="20220530 17:11:30.077"/>
</kw>
<kw name="Click Button" library="Selenium2Library">
<arg>${elementos_login_pass['log_pass_siguiente']}</arg>
<doc>Clicks the button identified by ``locator``.</doc>
<msg timestamp="20220530 17:11:30.079" level="INFO">Clicking button 'xpath=/html/body/div[2]/div/div[1]/div/div[2]/div/div/div[4]/div/button'.</msg>
<status status="PASS" starttime="20220530 17:11:30.078" endtime="20220530 17:11:30.186"/>
</kw>
<status status="PASS" starttime="20220530 17:11:29.477" endtime="20220530 17:11:30.186"/>
</kw>
<kw name="Sleep" library="BuiltIn">
<arg>20</arg>
<doc>Pauses the test executed for the given time.</doc>
<msg timestamp="20220530 17:11:50.187" level="INFO">Slept 20 seconds</msg>
<status status="PASS" starttime="20220530 17:11:30.186" endtime="20220530 17:11:50.187"/>
</kw>
<kw name="-CLICK IMAGEN DE PERFIL-" library="tests_keywords">
<kw name="Sleep" library="BuiltIn">
<arg>7</arg>
<doc>Pauses the test executed for the given time.</doc>
<msg timestamp="20220530 17:11:57.189" level="INFO">Slept 7 seconds</msg>
<status status="PASS" starttime="20220530 17:11:50.188" endtime="20220530 17:11:57.189"/>
</kw>
<kw name="Wait Until Page Contains Element" library="Selenium2Library">
<arg>${elementos_profile_page['selectProfile_1_image']}</arg>
<doc>Waits until the element ``locator`` appears on the current page.</doc>
<status status="PASS" starttime="20220530 17:11:57.189" endtime="20220530 17:11:57.209"/>
</kw>
<kw name="Click Element" library="Selenium2Library">
<arg>${elementos_profile_page['selectProfile_1_image']}</arg>
<doc>Click the element identified by ``locator``.</doc>
<msg timestamp="20220530 17:11:57.212" level="INFO">Clicking element 'xpath=//div[@class='image-grid-container']//div[1]//div[1]//img[1]'.</msg>
<status status="PASS" starttime="20220530 17:11:57.210" endtime="20220530 17:11:57.308"/>
</kw>
<status status="PASS" starttime="20220530 17:11:50.188" endtime="20220530 17:11:57.308"/>
</kw>
<kw name="-VALIDAR CARGA HOME-" library="tests_keywords">
<kw name="Sleep" library="BuiltIn">
<arg>7</arg>
<doc>Pauses the test executed for the given time.</doc>
<msg timestamp="20220530 17:12:04.310" level="INFO">Slept 7 seconds</msg>
<status status="PASS" starttime="20220530 17:11:57.309" endtime="20220530 17:12:04.310"/>
</kw>
<kw name="Wait Until Page Contains Element" library="Selenium2Library">
<arg>${elementos_home_page['home_lupa']}</arg>
<doc>Waits until the element ``locator`` appears on the current page.</doc>
<status status="PASS" starttime="20220530 17:12:04.310" endtime="20220530 17:12:04.329"/>
</kw>
<status status="PASS" starttime="20220530 17:11:57.309" endtime="20220530 17:12:04.329"/>
</kw>
<status status="PASS" starttime="20220530 17:11:25.115" endtime="20220530 17:12:04.329"/>
</kw>
<kw name="-LOGOUT HOME CV-" library="tests_keywords">
<kw name="Mouse Down" library="Selenium2Library">
<arg>${profile_menu_page['close_session_inMenu']}</arg>
<doc>Simulates pressing the left mouse button on the element ``locator``.</doc>
<msg timestamp="20220530 17:12:04.332" level="INFO">Simulating Mouse Down on element 'xpath=//a[@class='dropdown-toggle dropdownUser menu_user custom-menu-user-style hidden-xs']//img[@class='menu_user--img']'.</msg>
<status status="PASS" starttime="20220530 17:12:04.330" endtime="20220530 17:12:04.611"/>
</kw>
<kw name="Click Element" library="Selenium2Library">
<arg>${profile_menu_page['close_session_button']}</arg>
<doc>Click the element identified by ``locator``.</doc>
<msg timestamp="20220530 17:12:04.613" level="INFO">Clicking element 'xpath=//a[normalize-space()='Cerrar Sesión']'.</msg>
<status status="PASS" starttime="20220530 17:12:04.611" endtime="20220530 17:12:04.707"/>
</kw>
<status status="PASS" starttime="20220530 17:12:04.329" endtime="20220530 17:12:04.707"/>
</kw>
<kw name="-TERMINAR CONFIGURACIÓN TESTCASE-" library="libraries_keywords" type="TEARDOWN">
<kw name="Capture Page Screenshot" library="Selenium2Library">
<doc>Takes a screenshot of the current page and embeds it into a log file.</doc>
<msg timestamp="20220530 17:12:04.776" level="INFO" html="true">&lt;/td&gt;&lt;/tr&gt;&lt;tr&gt;&lt;td colspan="3"&gt;&lt;a href="../../../auto_qc/web_auto/QC-WEB-MX/Resultados/screenshots/selenium-screenshot-9.png"&gt;&lt;img src="../../../auto_qc/web_auto/QC-WEB-MX/Resultados/screenshots/selenium-screenshot-9.png" width="800px"&gt;&lt;/a&gt;</msg>
<status status="PASS" starttime="20220530 17:12:04.708" endtime="20220530 17:12:04.776"/>
</kw>
<status status="PASS" starttime="20220530 17:12:04.707" endtime="20220530 17:12:04.777"/>
</kw>
<tag>test_funcional</tag>
<status status="PASS" starttime="20220530 17:11:25.109" endtime="20220530 17:12:04.777"/>
</test>
<test id="s1-t2" name="CV-WEB-NAVEGACION-VALIDAR ELEMENTOS REGISTER PAGE" line="21">
<kw name="-CONFIGURACIÓN TESTCASE-" library="libraries_keywords" type="SETUP">
<kw name="-CONFIGURAR DIRECTORIO SCREENSHOTS-" library="libraries_keywords">
<kw name="Set Screenshot Directory" library="Selenium2Library">
<arg>${screenshots-folder}</arg>
<doc>Sets the directory for captured screenshots.</doc>
<status status="PASS" starttime="20220530 17:12:04.780" endtime="20220530 17:12:04.780"/>
</kw>
<status status="PASS" starttime="20220530 17:12:04.779" endtime="20220530 17:12:04.781"/>
</kw>
<status status="PASS" starttime="20220530 17:12:04.779" endtime="20220530 17:12:04.781"/>
</kw>
<kw name="-ABRIR REGISTER PAGE-" library="tests_keywords">
<kw name="Open Browser" library="Selenium2Library">
<arg>${url_register_page}</arg>
<arg>${browser}</arg>
<doc>Opens a new browser instance to the optional ``url``.</doc>
<msg timestamp="20220530 17:12:04.782" level="INFO">Opening browser 'headlesschrome' to base url 'https://www.clarovideo.com/mexico/register'.</msg>
<status status="PASS" starttime="20220530 17:12:04.782" endtime="20220530 17:12:08.265"/>
</kw>
<status status="PASS" starttime="20220530 17:12:04.781" endtime="20220530 17:12:08.266"/>
</kw>
<kw name="-VALIDAR TEXTOS Y ELEMENTOS-" library="libraries_keywords">
<arg>${elementos_register_page}</arg>
<arg>${textos_register_page}</arg>
<for flavor="IN">
<var>${element}</var>
<value>@{a1}</value>
<iter>
<var name="${element}">reg_registrate</var>
<kw name="Scroll Element Into View" library="Selenium2Library">
<arg>${a1['${element}']}</arg>
<doc>Scrolls the element identified by ``locator`` into view.</doc>
<status status="PASS" starttime="20220530 17:12:08.268" endtime="20220530 17:12:09.293"/>
</kw>
<kw name="Run Keyword And Continue On Failure" library="BuiltIn">
<arg>Wait Until Element is Visible</arg>
<arg>${a1['${element}']}</arg>
<doc>Runs the keyword and continues execution even if a failure occurs.</doc>
<kw name="Wait Until Element Is Visible" library="Selenium2Library">
<arg>${a1['${element}']}</arg>
<doc>Waits until the element ``locator`` is visible.</doc>
<status status="PASS" starttime="20220530 17:12:09.294" endtime="20220530 17:12:09.322"/>
</kw>
<status status="PASS" starttime="20220530 17:12:09.294" endtime="20220530 17:12:09.322"/>
</kw>
<kw name="Run Keyword And Continue On Failure" library="BuiltIn">
<arg>element text should be</arg>
<arg>${a1['${element}']}</arg>
<arg>${a2['${element}']}</arg>
<doc>Runs the keyword and continues execution even if a failure occurs.</doc>
<kw name="Element Text Should Be" library="Selenium2Library">
<arg>${a1['${element}']}</arg>
<arg>${a2['${element}']}</arg>
<doc>Verifies that element ``locator`` contains exact the text ``expected``.</doc>
<msg timestamp="20220530 17:12:09.327" level="INFO">Verifying element 'xpath=/html/body/div[2]/div/div[1]/div/div[2]/div/div/div[1]' contains exact text 'Regístrate'.</msg>
<status status="PASS" starttime="20220530 17:12:09.323" endtime="20220530 17:12:09.352"/>
</kw>
<status status="PASS" starttime="20220530 17:12:09.323" endtime="20220530 17:12:09.352"/>
</kw>
<status status="PASS" starttime="20220530 17:12:08.268" endtime="20220530 17:12:09.352"/>
</iter>
<iter>
<var name="${element}">reg_cualemail?</var>
<kw name="Scroll Element Into View" library="Selenium2Library">
<arg>${a1['${element}']}</arg>
<doc>Scrolls the element identified by ``locator`` into view.</doc>
<status status="PASS" starttime="20220530 17:12:09.352" endtime="20220530 17:12:09.626"/>
</kw>
<kw name="Run Keyword And Continue On Failure" library="BuiltIn">
<arg>Wait Until Element is Visible</arg>
<arg>${a1['${element}']}</arg>
<doc>Runs the keyword and continues execution even if a failure occurs.</doc>
<kw name="Wait Until Element Is Visible" library="Selenium2Library">
<arg>${a1['${element}']}</arg>
<doc>Waits until the element ``locator`` is visible.</doc>
<status status="PASS" starttime="20220530 17:12:09.627" endtime="20220530 17:12:09.653"/>
</kw>
<status status="PASS" starttime="20220530 17:12:09.626" endtime="20220530 17:12:09.653"/>
</kw>
<kw name="Run Keyword And Continue On Failure" library="BuiltIn">
<arg>element text should be</arg>
<arg>${a1['${element}']}</arg>
<arg>${a2['${element}']}</arg>
<doc>Runs the keyword and continues execution even if a failure occurs.</doc>
<kw name="Element Text Should Be" library="Selenium2Library">
<arg>${a1['${element}']}</arg>
<arg>${a2['${element}']}</arg>
<doc>Verifies that element ``locator`` contains exact the text ``expected``.</doc>
<msg timestamp="20220530 17:12:09.657" level="INFO">Verifying element 'xpath=/html/body/div[2]/div/div[1]/div/div[2]/div/div/div[2]/div[1]' contains exact text '¿Cuál es tu correo electrónico?'.</msg>
<status status="PASS" starttime="20220530 17:12:09.654" endtime="20220530 17:12:09.680"/>
</kw>
<status status="PASS" starttime="20220530 17:12:09.653" endtime="20220530 17:12:09.680"/>
</kw>
<status status="PASS" starttime="20220530 17:12:09.352" endtime="20220530 17:12:09.680"/>
</iter>
<iter>
<var name="${element}">reg_emailtextbox</var>
<kw name="Scroll Element Into View" library="Selenium2Library">
<arg>${a1['${element}']}</arg>
<doc>Scrolls the element identified by ``locator`` into view.</doc>
<status status="PASS" starttime="20220530 17:12:09.680" endtime="20220530 17:12:09.956"/>
</kw>
<kw name="Run Keyword And Continue On Failure" library="BuiltIn">
<arg>Wait Until Element is Visible</arg>
<arg>${a1['${element}']}</arg>
<doc>Runs the keyword and continues execution even if a failure occurs.</doc>
<kw name="Wait Until Element Is Visible" library="Selenium2Library">
<arg>${a1['${element}']}</arg>
<doc>Waits until the element ``locator`` is visible.</doc>
<status status="PASS" starttime="20220530 17:12:09.957" endtime="20220530 17:12:09.979"/>
</kw>
<status status="PASS" starttime="20220530 17:12:09.956" endtime="20220530 17:12:09.979"/>
</kw>
<kw name="Run Keyword And Continue On Failure" library="BuiltIn">
<arg>element text should be</arg>
<arg>${a1['${element}']}</arg>
<arg>${a2['${element}']}</arg>
<doc>Runs the keyword and continues execution even if a failure occurs.</doc>
<kw name="Element Text Should Be" library="Selenium2Library">
<arg>${a1['${element}']}</arg>
<arg>${a2['${element}']}</arg>
<doc>Verifies that element ``locator`` contains exact the text ``expected``.</doc>
<msg timestamp="20220530 17:12:09.983" level="INFO">Verifying element 'xpath=//input[@id='emailRegister']' contains exact text ''.</msg>
<status status="PASS" starttime="20220530 17:12:09.979" endtime="20220530 17:12:10.005"/>
</kw>
<status status="PASS" starttime="20220530 17:12:09.979" endtime="20220530 17:12:10.005"/>
</kw>
<status status="PASS" starttime="20220530 17:12:09.680" endtime="20220530 17:12:10.005"/>
</iter>
<iter>
<var name="${element}">reg_terms</var>
<kw name="Scroll Element Into View" library="Selenium2Library">
<arg>${a1['${element}']}</arg>
<doc>Scrolls the element identified by ``locator`` into view.</doc>
<status status="PASS" starttime="20220530 17:12:10.006" endtime="20220530 17:12:10.282"/>
</kw>
<kw name="Run Keyword And Continue On Failure" library="BuiltIn">
<arg>Wait Until Element is Visible</arg>
<arg>${a1['${element}']}</arg>
<doc>Runs the keyword and continues execution even if a failure occurs.</doc>
<kw name="Wait Until Element Is Visible" library="Selenium2Library">
<arg>${a1['${element}']}</arg>
<doc>Waits until the element ``locator`` is visible.</doc>
<status status="PASS" starttime="20220530 17:12:10.283" endtime="20220530 17:12:10.307"/>
</kw>
<status status="PASS" starttime="20220530 17:12:10.282" endtime="20220530 17:12:10.307"/>
</kw>
<kw name="Run Keyword And Continue On Failure" library="BuiltIn">
<arg>element text should be</arg>
<arg>${a1['${element}']}</arg>
<arg>${a2['${element}']}</arg>
<doc>Runs the keyword and continues execution even if a failure occurs.</doc>
<kw name="Element Text Should Be" library="Selenium2Library">
<arg>${a1['${element}']}</arg>
<arg>${a2['${element}']}</arg>
<doc>Verifies that element ``locator`` contains exact the text ``expected``.</doc>
<msg timestamp="20220530 17:12:10.311" level="INFO">Verifying element 'xpath=//*[@class='_1pakn']//span[contains(text(),'Acepto los')]' contains exact text 'Acepto los Términos y Condiciones del servicio.'.</msg>
<status status="PASS" starttime="20220530 17:12:10.308" endtime="20220530 17:12:10.335"/>
</kw>
<status status="PASS" starttime="20220530 17:12:10.307" endtime="20220530 17:12:10.335"/>
</kw>
<status status="PASS" starttime="20220530 17:12:10.006" endtime="20220530 17:12:10.335"/>
</iter>
<iter>
<var name="${element}">reg_terms_check</var>
<kw name="Scroll Element Into View" library="Selenium2Library">
<arg>${a1['${element}']}</arg>
<doc>Scrolls the element identified by ``locator`` into view.</doc>
<status status="PASS" starttime="20220530 17:12:10.335" endtime="20220530 17:12:10.610"/>
</kw>
<kw name="Run Keyword And Continue On Failure" library="BuiltIn">
<arg>Wait Until Element is Visible</arg>
<arg>${a1['${element}']}</arg>
<doc>Runs the keyword and continues execution even if a failure occurs.</doc>
<kw name="Wait Until Element Is Visible" library="Selenium2Library">
<arg>${a1['${element}']}</arg>
<doc>Waits until the element ``locator`` is visible.</doc>
<status status="PASS" starttime="20220530 17:12:10.611" endtime="20220530 17:12:10.633"/>
</kw>
<status status="PASS" starttime="20220530 17:12:10.611" endtime="20220530 17:12:10.633"/>
</kw>
<kw name="Run Keyword And Continue On Failure" library="BuiltIn">
<arg>element text should be</arg>
<arg>${a1['${element}']}</arg>
<arg>${a2['${element}']}</arg>
<doc>Runs the keyword and continues execution even if a failure occurs.</doc>
<kw name="Element Text Should Be" library="Selenium2Library">
<arg>${a1['${element}']}</arg>
<arg>${a2['${element}']}</arg>
<doc>Verifies that element ``locator`` contains exact the text ``expected``.</doc>
<msg timestamp="20220530 17:12:10.637" level="INFO">Verifying element 'xpath=//span[@class='_3i1FC']' contains exact text ''.</msg>
<status status="PASS" starttime="20220530 17:12:10.633" endtime="20220530 17:12:10.659"/>
</kw>
<status status="PASS" starttime="20220530 17:12:10.633" endtime="20220530 17:12:10.659"/>
</kw>
<status status="PASS" starttime="20220530 17:12:10.335" endtime="20220530 17:12:10.659"/>
</iter>
<iter>
<var name="${element}">reg_terms_link</var>
<kw name="Scroll Element Into View" library="Selenium2Library">
<arg>${a1['${element}']}</arg>
<doc>Scrolls the element identified by ``locator`` into view.</doc>
<status status="PASS" starttime="20220530 17:12:10.660" endtime="20220530 17:12:10.935"/>
</kw>
<kw name="Run Keyword And Continue On Failure" library="BuiltIn">
<arg>Wait Until Element is Visible</arg>
<arg>${a1['${element}']}</arg>
<doc>Runs the keyword and continues execution even if a failure occurs.</doc>
<kw name="Wait Until Element Is Visible" library="Selenium2Library">
<arg>${a1['${element}']}</arg>
<doc>Waits until the element ``locator`` is visible.</doc>
<status status="PASS" starttime="20220530 17:12:10.935" endtime="20220530 17:12:10.957"/>
</kw>
<status status="PASS" starttime="20220530 17:12:10.935" endtime="20220530 17:12:10.957"/>
</kw>
<kw name="Run Keyword And Continue On Failure" library="BuiltIn">
<arg>element text should be</arg>
<arg>${a1['${element}']}</arg>
<arg>${a2['${element}']}</arg>
<doc>Runs the keyword and continues execution even if a failure occurs.</doc>
<kw name="Element Text Should Be" library="Selenium2Library">
<arg>${a1['${element}']}</arg>
<arg>${a2['${element}']}</arg>
<doc>Verifies that element ``locator`` contains exact the text ``expected``.</doc>
<msg timestamp="20220530 17:12:10.961" level="INFO">Verifying element 'xpath=//a[normalize-space()='Términos y Condiciones']' contains exact text 'Términos y Condiciones'.</msg>
<status status="PASS" starttime="20220530 17:12:10.957" endtime="20220530 17:12:10.985"/>
</kw>
<status status="PASS" starttime="20220530 17:12:10.957" endtime="20220530 17:12:10.985"/>
</kw>
<status status="PASS" starttime="20220530 17:12:10.659" endtime="20220530 17:12:10.985"/>
</iter>
<iter>
<var name="${element}">reg_siguiente</var>
<kw name="Scroll Element Into View" library="Selenium2Library">
<arg>${a1['${element}']}</arg>
<doc>Scrolls the element identified by ``locator`` into view.</doc>
<status status="PASS" starttime="20220530 17:12:10.985" endtime="20220530 17:12:11.260"/>
</kw>
<kw name="Run Keyword And Continue On Failure" library="BuiltIn">
<arg>Wait Until Element is Visible</arg>
<arg>${a1['${element}']}</arg>
<doc>Runs the keyword and continues execution even if a failure occurs.</doc>
<kw name="Wait Until Element Is Visible" library="Selenium2Library">
<arg>${a1['${element}']}</arg>
<doc>Waits until the element ``locator`` is visible.</doc>
<status status="PASS" starttime="20220530 17:12:11.261" endtime="20220530 17:12:11.282"/>
</kw>
<status status="PASS" starttime="20220530 17:12:11.261" endtime="20220530 17:12:11.283"/>
</kw>
<kw name="Run Keyword And Continue On Failure" library="BuiltIn">
<arg>element text should be</arg>
<arg>${a1['${element}']}</arg>
<arg>${a2['${element}']}</arg>
<doc>Runs the keyword and continues execution even if a failure occurs.</doc>
<kw name="Element Text Should Be" library="Selenium2Library">
<arg>${a1['${element}']}</arg>
<arg>${a2['${element}']}</arg>
<doc>Verifies that element ``locator`` contains exact the text ``expected``.</doc>
<msg timestamp="20220530 17:12:11.286" level="INFO">Verifying element 'xpath=/html/body/div[2]/div/div[1]/div/div[2]/div/div/div[4]/div/button' contains exact text 'SIGUIENTE'.</msg>
<status status="PASS" starttime="20220530 17:12:11.283" endtime="20220530 17:12:11.309"/>
</kw>
<status status="PASS" starttime="20220530 17:12:11.283" endtime="20220530 17:12:11.310"/>
</kw>
<status status="PASS" starttime="20220530 17:12:10.985" endtime="20220530 17:12:11.310"/>
</iter>
<iter>
<var name="${element}">reg_cancelar</var>
<kw name="Scroll Element Into View" library="Selenium2Library">
<arg>${a1['${element}']}</arg>
<doc>Scrolls the element identified by ``locator`` into view.</doc>
<status status="PASS" starttime="20220530 17:12:11.310" endtime="20220530 17:12:11.587"/>
</kw>
<kw name="Run Keyword And Continue On Failure" library="BuiltIn">
<arg>Wait Until Element is Visible</arg>
<arg>${a1['${element}']}</arg>
<doc>Runs the keyword and continues execution even if a failure occurs.</doc>
<kw name="Wait Until Element Is Visible" library="Selenium2Library">
<arg>${a1['${element}']}</arg>
<doc>Waits until the element ``locator`` is visible.</doc>
<status status="PASS" starttime="20220530 17:12:11.588" endtime="20220530 17:12:11.610"/>
</kw>
<status status="PASS" starttime="20220530 17:12:11.587" endtime="20220530 17:12:11.610"/>
</kw>
<kw name="Run Keyword And Continue On Failure" library="BuiltIn">
<arg>element text should be</arg>
<arg>${a1['${element}']}</arg>
<arg>${a2['${element}']}</arg>
<doc>Runs the keyword and continues execution even if a failure occurs.</doc>
<kw name="Element Text Should Be" library="Selenium2Library">
<arg>${a1['${element}']}</arg>
<arg>${a2['${element}']}</arg>
<doc>Verifies that element ``locator`` contains exact the text ``expected``.</doc>
<msg timestamp="20220530 17:12:11.614" level="INFO">Verifying element 'xpath=/html/body/div[2]/div/div[1]/div/div[2]/div/div/div[5]/div/button' contains exact text 'CANCELAR'.</msg>
<status status="PASS" starttime="20220530 17:12:11.611" endtime="20220530 17:12:11.637"/>
</kw>
<status status="PASS" starttime="20220530 17:12:11.610" endtime="20220530 17:12:11.637"/>
</kw>
<status status="PASS" starttime="20220530 17:12:11.310" endtime="20220530 17:12:11.637"/>
</iter>
<iter>
<var name="${element}">reg_telmex?</var>
<kw name="Scroll Element Into View" library="Selenium2Library">
<arg>${a1['${element}']}</arg>
<doc>Scrolls the element identified by ``locator`` into view.</doc>
<status status="PASS" starttime="20220530 17:12:11.638" endtime="20220530 17:12:11.912"/>
</kw>
<kw name="Run Keyword And Continue On Failure" library="BuiltIn">
<arg>Wait Until Element is Visible</arg>
<arg>${a1['${element}']}</arg>
<doc>Runs the keyword and continues execution even if a failure occurs.</doc>
<kw name="Wait Until Element Is Visible" library="Selenium2Library">
<arg>${a1['${element}']}</arg>
<doc>Waits until the element ``locator`` is visible.</doc>
<status status="PASS" starttime="20220530 17:12:11.912" endtime="20220530 17:12:11.935"/>
</kw>
<status status="PASS" starttime="20220530 17:12:11.912" endtime="20220530 17:12:11.935"/>
</kw>
<kw name="Run Keyword And Continue On Failure" library="BuiltIn">
<arg>element text should be</arg>
<arg>${a1['${element}']}</arg>
<arg>${a2['${element}']}</arg>
<doc>Runs the keyword and continues execution even if a failure occurs.</doc>
<kw name="Element Text Should Be" library="Selenium2Library">
<arg>${a1['${element}']}</arg>
<arg>${a2['${element}']}</arg>
<doc>Verifies that element ``locator`` contains exact the text ``expected``.</doc>
<msg timestamp="20220530 17:12:11.939" level="INFO">Verifying element 'xpath=/html/body/div[2]/div/div[1]/div/div[2]/div/div/div[6]/span' contains exact text '¿Tienes Telmex o Telcel?
Conoce las promociones'.</msg>
<status status="PASS" starttime="20220530 17:12:11.935" endtime="20220530 17:12:11.964"/>
</kw>
<status status="PASS" starttime="20220530 17:12:11.935" endtime="20220530 17:12:11.964"/>
</kw>
<status status="PASS" starttime="20220530 17:12:11.637" endtime="20220530 17:12:11.964"/>
</iter>
<iter>
<var name="${element}">reg_terms_promo</var>
<kw name="Scroll Element Into View" library="Selenium2Library">
<arg>${a1['${element}']}</arg>
<doc>Scrolls the element identified by ``locator`` into view.</doc>
<status status="PASS" starttime="20220530 17:12:11.965" endtime="20220530 17:12:12.240"/>
</kw>
<kw name="Run Keyword And Continue On Failure" library="BuiltIn">
<arg>Wait Until Element is Visible</arg>
<arg>${a1['${element}']}</arg>
<doc>Runs the keyword and continues execution even if a failure occurs.</doc>
<kw name="Wait Until Element Is Visible" library="Selenium2Library">
<arg>${a1['${element}']}</arg>
<doc>Waits until the element ``locator`` is visible.</doc>
<status status="PASS" starttime="20220530 17:12:12.241" endtime="20220530 17:12:12.262"/>
</kw>
<status status="PASS" starttime="20220530 17:12:12.240" endtime="20220530 17:12:12.262"/>
</kw>
<kw name="Run Keyword And Continue On Failure" library="BuiltIn">
<arg>element text should be</arg>
<arg>${a1['${element}']}</arg>
<arg>${a2['${element}']}</arg>
<doc>Runs the keyword and continues execution even if a failure occurs.</doc>
<kw name="Element Text Should Be" library="Selenium2Library">
<arg>${a1['${element}']}</arg>
<arg>${a2['${element}']}</arg>
<doc>Verifies that element ``locator`` contains exact the text ``expected``.</doc>
<msg timestamp="20220530 17:12:12.266" level="INFO">Verifying element 'xpath=//a[normalize-space()='Conoce las promociones']' contains exact text 'Conoce las promociones'.</msg>
<status status="PASS" starttime="20220530 17:12:12.263" endtime="20220530 17:12:12.289"/>
</kw>
<status status="PASS" starttime="20220530 17:12:12.262" endtime="20220530 17:12:12.289"/>
</kw>
<status status="PASS" starttime="20220530 17:12:11.964" endtime="20220530 17:12:12.289"/>
</iter>
<iter>
<var name="${element}">reg_tienescuenta?</var>
<kw name="Scroll Element Into View" library="Selenium2Library">
<arg>${a1['${element}']}</arg>
<doc>Scrolls the element identified by ``locator`` into view.</doc>
<status status="PASS" starttime="20220530 17:12:12.290" endtime="20220530 17:12:12.576"/>
</kw>
<kw name="Run Keyword And Continue On Failure" library="BuiltIn">
<arg>Wait Until Element is Visible</arg>
<arg>${a1['${element}']}</arg>
<doc>Runs the keyword and continues execution even if a failure occurs.</doc>
<kw name="Wait Until Element Is Visible" library="Selenium2Library">
<arg>${a1['${element}']}</arg>
<doc>Waits until the element ``locator`` is visible.</doc>
<status status="PASS" starttime="20220530 17:12:12.577" endtime="20220530 17:12:12.598"/>
</kw>
<status status="PASS" starttime="20220530 17:12:12.576" endtime="20220530 17:12:12.598"/>
</kw>
<kw name="Run Keyword And Continue On Failure" library="BuiltIn">
<arg>element text should be</arg>
<arg>${a1['${element}']}</arg>
<arg>${a2['${element}']}</arg>
<doc>Runs the keyword and continues execution even if a failure occurs.</doc>
<kw name="Element Text Should Be" library="Selenium2Library">
<arg>${a1['${element}']}</arg>
<arg>${a2['${element}']}</arg>
<doc>Verifies that element ``locator`` contains exact the text ``expected``.</doc>
<msg timestamp="20220530 17:12:12.601" level="INFO">Verifying element 'xpath=/html/body/div[2]/div/div[1]/div/div[2]/div/div/div[7]/span' contains exact text '¿Ya tienes cuenta? Inicia sesión'.</msg>
<status status="PASS" starttime="20220530 17:12:12.598" endtime="20220530 17:12:12.625"/>
</kw>
<status status="PASS" starttime="20220530 17:12:12.598" endtime="20220530 17:12:12.625"/>
</kw>
<status status="PASS" starttime="20220530 17:12:12.289" endtime="20220530 17:12:12.625"/>
</iter>
<iter>
<var name="${element}">reg_sesion</var>
<kw name="Scroll Element Into View" library="Selenium2Library">
<arg>${a1['${element}']}</arg>
<doc>Scrolls the element identified by ``locator`` into view.</doc>
<status status="PASS" starttime="20220530 17:12:12.626" endtime="20220530 17:12:12.900"/>
</kw>
<kw name="Run Keyword And Continue On Failure" library="BuiltIn">
<arg>Wait Until Element is Visible</arg>
<arg>${a1['${element}']}</arg>
<doc>Runs the keyword and continues execution even if a failure occurs.</doc>
<kw name="Wait Until Element Is Visible" library="Selenium2Library">
<arg>${a1['${element}']}</arg>
<doc>Waits until the element ``locator`` is visible.</doc>
<status status="PASS" starttime="20220530 17:12:12.901" endtime="20220530 17:12:12.922"/>
</kw>
<status status="PASS" starttime="20220530 17:12:12.900" endtime="20220530 17:12:12.922"/>
</kw>
<kw name="Run Keyword And Continue On Failure" library="BuiltIn">
<arg>element text should be</arg>
<arg>${a1['${element}']}</arg>
<arg>${a2['${element}']}</arg>
<doc>Runs the keyword and continues execution even if a failure occurs.</doc>
<kw name="Element Text Should Be" library="Selenium2Library">
<arg>${a1['${element}']}</arg>
<arg>${a2['${element}']}</arg>
<doc>Verifies that element ``locator`` contains exact the text ``expected``.</doc>
<msg timestamp="20220530 17:12:12.926" level="INFO">Verifying element 'xpath=/html/body/div[2]/div/div[1]/div/div[2]/div/div/div[7]/span/a' contains exact text 'Inicia sesión'.</msg>
<status status="PASS" starttime="20220530 17:12:12.923" endtime="20220530 17:12:12.949"/>
</kw>
<status status="PASS" starttime="20220530 17:12:12.922" endtime="20220530 17:12:12.949"/>
</kw>
<status status="PASS" starttime="20220530 17:12:12.625" endtime="20220530 17:12:12.949"/>
</iter>
<status status="PASS" starttime="20220530 17:12:08.267" endtime="20220530 17:12:12.949"/>
</for>
<status status="PASS" starttime="20220530 17:12:08.266" endtime="20220530 17:12:12.949"/>
</kw>
<kw name="-INGRESAR EMAIL PARA REGISTRO-" library="tests_keywords">
<arg>${EMAIL_RANDOM_PYTHON}</arg>
<kw name="Wait Until Element Is Visible" library="Selenium2Library">
<arg>${elementos_register_page['reg_emailtextbox']}</arg>
<doc>Waits until the element ``locator`` is visible.</doc>
<status status="PASS" starttime="20220530 17:12:12.950" endtime="20220530 17:12:12.969"/>
</kw>
<kw name="Input Text" library="Selenium2Library">
<arg>${elementos_register_page['reg_emailtextbox']}</arg>
<arg>${EMAIL_RANDOM}</arg>
<doc>Types the given ``text`` into the text field identified by ``locator``.</doc>
<msg timestamp="20220530 17:12:12.971" level="INFO">Typing text 'e3f9f3e3z2@gmail.com' into text field 'xpath=//input[@id='emailRegister']'.</msg>
<status status="PASS" starttime="20220530 17:12:12.970" endtime="20220530 17:12:13.346"/>
</kw>
<kw name="Click Element" library="Selenium2Library">
<arg>${elementos_register_page['reg_terms_check']}</arg>
<doc>Click the element identified by ``locator``.</doc>
<msg timestamp="20220530 17:12:13.348" level="INFO">Clicking element 'xpath=//span[@class='_3i1FC']'.</msg>
<status status="PASS" starttime="20220530 17:12:13.346" endtime="20220530 17:12:13.438"/>
</kw>
<kw name="Click Button" library="Selenium2Library">
<arg>${elementos_register_page['reg_siguiente']}</arg>
<doc>Clicks the button identified by ``locator``.</doc>
<msg timestamp="20220530 17:12:13.440" level="INFO">Clicking button 'xpath=/html/body/div[2]/div/div[1]/div/div[2]/div/div/div[4]/div/button'.</msg>
<status status="PASS" starttime="20220530 17:12:13.438" endtime="20220530 17:12:13.553"/>
</kw>
<status status="PASS" starttime="20220530 17:12:12.949" endtime="20220530 17:12:13.553"/>
</kw>
<kw name="-VALIDAR TEXTOS Y ELEMENTOS-" library="libraries_keywords">
<arg>${elementos_register_page_pass}</arg>
<arg>${textos_elementos_register_page_pass}</arg>
<for flavor="IN">
<var>${element}</var>
<value>@{a1}</value>
<iter>
<var name="${element}">reg_registrate</var>
<kw name="Scroll Element Into View" library="Selenium2Library">
<arg>${a1['${element}']}</arg>
<doc>Scrolls the element identified by ``locator`` into view.</doc>
<status status="PASS" starttime="20220530 17:12:13.555" endtime="20220530 17:12:13.843"/>
</kw>
<kw name="Run Keyword And Continue On Failure" library="BuiltIn">
<arg>Wait Until Element is Visible</arg>
<arg>${a1['${element}']}</arg>
<doc>Runs the keyword and continues execution even if a failure occurs.</doc>
<kw name="Wait Until Element Is Visible" library="Selenium2Library">
<arg>${a1['${element}']}</arg>
<doc>Waits until the element ``locator`` is visible.</doc>
<status status="PASS" starttime="20220530 17:12:13.843" endtime="20220530 17:12:13.864"/>
</kw>
<status status="PASS" starttime="20220530 17:12:13.843" endtime="20220530 17:12:13.865"/>
</kw>
<kw name="Run Keyword And Continue On Failure" library="BuiltIn">
<arg>element text should be</arg>
<arg>${a1['${element}']}</arg>
<arg>${a2['${element}']}</arg>
<doc>Runs the keyword and continues execution even if a failure occurs.</doc>
<kw name="Element Text Should Be" library="Selenium2Library">
<arg>${a1['${element}']}</arg>
<arg>${a2['${element}']}</arg>
<doc>Verifies that element ``locator`` contains exact the text ``expected``.</doc>
<msg timestamp="20220530 17:12:13.869" level="INFO">Verifying element 'xpath=//span[normalize-space()='Regístrate']' contains exact text 'Regístrate'.</msg>
<status status="PASS" starttime="20220530 17:12:13.865" endtime="20220530 17:12:13.891"/>
</kw>
<status status="PASS" starttime="20220530 17:12:13.865" endtime="20220530 17:12:13.891"/>
</kw>
<status status="PASS" starttime="20220530 17:12:13.555" endtime="20220530 17:12:13.891"/>
</iter>
<iter>
<var name="${element}">reg_passtext?</var>
<kw name="Scroll Element Into View" library="Selenium2Library">
<arg>${a1['${element}']}</arg>
<doc>Scrolls the element identified by ``locator`` into view.</doc>
<status status="PASS" starttime="20220530 17:12:13.892" endtime="20220530 17:12:14.260"/>
</kw>
<kw name="Run Keyword And Continue On Failure" library="BuiltIn">
<arg>Wait Until Element is Visible</arg>
<arg>${a1['${element}']}</arg>
<doc>Runs the keyword and continues execution even if a failure occurs.</doc>
<kw name="Wait Until Element Is Visible" library="Selenium2Library">
<arg>${a1['${element}']}</arg>
<doc>Waits until the element ``locator`` is visible.</doc>
<status status="PASS" starttime="20220530 17:12:14.260" endtime="20220530 17:12:14.282"/>
</kw>
<status status="PASS" starttime="20220530 17:12:14.260" endtime="20220530 17:12:14.282"/>
</kw>
<kw name="Run Keyword And Continue On Failure" library="BuiltIn">
<arg>element text should be</arg>
<arg>${a1['${element}']}</arg>
<arg>${a2['${element}']}</arg>
<doc>Runs the keyword and continues execution even if a failure occurs.</doc>
<kw name="Element Text Should Be" library="Selenium2Library">
<arg>${a1['${element}']}</arg>
<arg>${a2['${element}']}</arg>
<doc>Verifies that element ``locator`` contains exact the text ``expected``.</doc>
<msg timestamp="20220530 17:12:14.286" level="INFO">Verifying element 'xpath=//span[normalize-space()='Elige una contraseña.']' contains exact text 'Elige una contraseña.'.</msg>
<status status="PASS" starttime="20220530 17:12:14.283" endtime="20220530 17:12:14.313"/>
</kw>
<status status="PASS" starttime="20220530 17:12:14.283" endtime="20220530 17:12:14.313"/>
</kw>
<status status="PASS" starttime="20220530 17:12:13.892" endtime="20220530 17:12:14.313"/>
</iter>
<iter>
<var name="${element}">reg_passfield</var>
<kw name="Scroll Element Into View" library="Selenium2Library">
<arg>${a1['${element}']}</arg>
<doc>Scrolls the element identified by ``locator`` into view.</doc>
<status status="PASS" starttime="20220530 17:12:14.313" endtime="20220530 17:12:14.592"/>
</kw>
<kw name="Run Keyword And Continue On Failure" library="BuiltIn">
<arg>Wait Until Element is Visible</arg>
<arg>${a1['${element}']}</arg>
<doc>Runs the keyword and continues execution even if a failure occurs.</doc>
<kw name="Wait Until Element Is Visible" library="Selenium2Library">
<arg>${a1['${element}']}</arg>
<doc>Waits until the element ``locator`` is visible.</doc>
<status status="PASS" starttime="20220530 17:12:14.593" endtime="20220530 17:12:14.614"/>
</kw>
<status status="PASS" starttime="20220530 17:12:14.593" endtime="20220530 17:12:14.614"/>
</kw>
<kw name="Run Keyword And Continue On Failure" library="BuiltIn">
<arg>element text should be</arg>
<arg>${a1['${element}']}</arg>
<arg>${a2['${element}']}</arg>
<doc>Runs the keyword and continues execution even if a failure occurs.</doc>
<kw name="Element Text Should Be" library="Selenium2Library">
<arg>${a1['${element}']}</arg>
<arg>${a2['${element}']}</arg>
<doc>Verifies that element ``locator`` contains exact the text ``expected``.</doc>
<msg timestamp="20220530 17:12:14.618" level="INFO">Verifying element 'xpath=//input[@id='password']' contains exact text ''.</msg>
<status status="PASS" starttime="20220530 17:12:14.615" endtime="20220530 17:12:14.640"/>
</kw>
<status status="PASS" starttime="20220530 17:12:14.614" endtime="20220530 17:12:14.640"/>
</kw>
<status status="PASS" starttime="20220530 17:12:14.313" endtime="20220530 17:12:14.640"/>
</iter>
<iter>
<var name="${element}">reg_siguiente</var>
<kw name="Scroll Element Into View" library="Selenium2Library">
<arg>${a1['${element}']}</arg>
<doc>Scrolls the element identified by ``locator`` into view.</doc>
<status status="PASS" starttime="20220530 17:12:14.641" endtime="20220530 17:12:14.915"/>
</kw>
<kw name="Run Keyword And Continue On Failure" library="BuiltIn">
<arg>Wait Until Element is Visible</arg>
<arg>${a1['${element}']}</arg>
<doc>Runs the keyword and continues execution even if a failure occurs.</doc>
<kw name="Wait Until Element Is Visible" library="Selenium2Library">
<arg>${a1['${element}']}</arg>
<doc>Waits until the element ``locator`` is visible.</doc>
<status status="PASS" starttime="20220530 17:12:14.916" endtime="20220530 17:12:14.937"/>
</kw>
<status status="PASS" starttime="20220530 17:12:14.915" endtime="20220530 17:12:14.937"/>
</kw>
<kw name="Run Keyword And Continue On Failure" library="BuiltIn">
<arg>element text should be</arg>
<arg>${a1['${element}']}</arg>
<arg>${a2['${element}']}</arg>
<doc>Runs the keyword and continues execution even if a failure occurs.</doc>
<kw name="Element Text Should Be" library="Selenium2Library">
<arg>${a1['${element}']}</arg>
<arg>${a2['${element}']}</arg>
<doc>Verifies that element ``locator`` contains exact the text ``expected``.</doc>
<msg timestamp="20220530 17:12:14.941" level="INFO">Verifying element 'xpath=//button[normalize-space()='SIGUIENTE']' contains exact text 'SIGUIENTE'.</msg>
<status status="PASS" starttime="20220530 17:12:14.938" endtime="20220530 17:12:14.964"/>
</kw>
<status status="PASS" starttime="20220530 17:12:14.937" endtime="20220530 17:12:14.964"/>
</kw>
<status status="PASS" starttime="20220530 17:12:14.641" endtime="20220530 17:12:14.965"/>
</iter>
<iter>
<var name="${element}">reg_cancelar</var>
<kw name="Scroll Element Into View" library="Selenium2Library">
<arg>${a1['${element}']}</arg>
<doc>Scrolls the element identified by ``locator`` into view.</doc>
<status status="PASS" starttime="20220530 17:12:14.965" endtime="20220530 17:12:15.239"/>
</kw>
<kw name="Run Keyword And Continue On Failure" library="BuiltIn">
<arg>Wait Until Element is Visible</arg>
<arg>${a1['${element}']}</arg>
<doc>Runs the keyword and continues execution even if a failure occurs.</doc>
<kw name="Wait Until Element Is Visible" library="Selenium2Library">
<arg>${a1['${element}']}</arg>
<doc>Waits until the element ``locator`` is visible.</doc>
<status status="PASS" starttime="20220530 17:12:15.240" endtime="20220530 17:12:15.262"/>
</kw>
<status status="PASS" starttime="20220530 17:12:15.240" endtime="20220530 17:12:15.262"/>
</kw>
<kw name="Run Keyword And Continue On Failure" library="BuiltIn">
<arg>element text should be</arg>
<arg>${a1['${element}']}</arg>
<arg>${a2['${element}']}</arg>
<doc>Runs the keyword and continues execution even if a failure occurs.</doc>
<kw name="Element Text Should Be" library="Selenium2Library">
<arg>${a1['${element}']}</arg>
<arg>${a2['${element}']}</arg>
<doc>Verifies that element ``locator`` contains exact the text ``expected``.</doc>
<msg timestamp="20220530 17:12:15.266" level="INFO">Verifying element 'xpath=//button[normalize-space()='CANCELAR']' contains exact text 'CANCELAR'.</msg>
<status status="PASS" starttime="20220530 17:12:15.263" endtime="20220530 17:12:15.289"/>
</kw>
<status status="PASS" starttime="20220530 17:12:15.262" endtime="20220530 17:12:15.290"/>
</kw>
<status status="PASS" starttime="20220530 17:12:14.965" endtime="20220530 17:12:15.290"/>
</iter>
<status status="PASS" starttime="20220530 17:12:13.554" endtime="20220530 17:12:15.290"/>
</for>
<status status="PASS" starttime="20220530 17:12:13.554" endtime="20220530 17:12:15.290"/>
</kw>
<kw name="-INGRESAR PASSWORD PARA REGISTRO-" library="tests_keywords">
<arg>${pass_valido_registro}</arg>
<kw name="Wait Until Element Is Visible" library="Selenium2Library">
<arg>${elementos_register_page_pass['reg_passfield']}</arg>
<doc>Waits until the element ``locator`` is visible.</doc>
<status status="PASS" starttime="20220530 17:12:15.291" endtime="20220530 17:12:15.311"/>
</kw>
<kw name="Input Text" library="Selenium2Library">
<arg>${elementos_register_page_pass['reg_passfield']}</arg>
<arg>${pass_valido}</arg>
<doc>Types the given ``text`` into the text field identified by ``locator``.</doc>
<msg timestamp="20220530 17:12:15.313" level="INFO">Typing text 'Claro123' into text field 'xpath=//input[@id='password']'.</msg>
<status status="PASS" starttime="20220530 17:12:15.311" endtime="20220530 17:12:15.455"/>
</kw>
<kw name="Click Button" library="Selenium2Library">
<arg>${elementos_register_page_pass['reg_siguiente']}</arg>
<doc>Clicks the button identified by ``locator``.</doc>
<msg timestamp="20220530 17:12:15.457" level="INFO">Clicking button 'xpath=//button[normalize-space()='SIGUIENTE']'.</msg>
<status status="PASS" starttime="20220530 17:12:15.455" endtime="20220530 17:12:15.576"/>
</kw>
<status status="PASS" starttime="20220530 17:12:15.290" endtime="20220530 17:12:15.576"/>
</kw>
<kw name="-TERMINAR CONFIGURACIÓN TESTCASE-" library="libraries_keywords" type="TEARDOWN">
<kw name="Capture Page Screenshot" library="Selenium2Library">
<doc>Takes a screenshot of the current page and embeds it into a log file.</doc>
<msg timestamp="20220530 17:12:15.710" level="INFO" html="true">&lt;/td&gt;&lt;/tr&gt;&lt;tr&gt;&lt;td colspan="3"&gt;&lt;a href="../../../auto_qc/web_auto/QC-WEB-MX/Resultados/screenshots/selenium-screenshot-10.png"&gt;&lt;img src="../../../auto_qc/web_auto/QC-WEB-MX/Resultados/screenshots/selenium-screenshot-10.png" width="800px"&gt;&lt;/a&gt;</msg>
<status status="PASS" starttime="20220530 17:12:15.577" endtime="20220530 17:12:15.710"/>
</kw>
<status status="PASS" starttime="20220530 17:12:15.577" endtime="20220530 17:12:15.711"/>
</kw>
<tag>test_Nofuncional</tag>
<status status="PASS" starttime="20220530 17:12:04.778" endtime="20220530 17:12:15.711"/>
</test>
<kw name="-TERMINAR CONFIGURACIÓN SUITETEST-" library="libraries_keywords" type="TEARDOWN">
<kw name="-DESCARGAR SESION CHARLES-" library="libraries_keywords">
<kw name="Download Charles Proxy Session Recording" library="charles_library">
<status status="PASS" starttime="20220530 17:12:15.713" endtime="20220530 17:12:15.745"/>
</kw>
<status status="PASS" starttime="20220530 17:12:15.713" endtime="20220530 17:12:15.746"/>
</kw>
<kw name="-DETENER GRABACION CHARLES-" library="libraries_keywords">
<kw name="Stop Charles Proxy Session Recording" library="charles_library">
<status status="PASS" starttime="20220530 17:12:15.747" endtime="20220530 17:12:15.764"/>
</kw>
<status status="PASS" starttime="20220530 17:12:15.746" endtime="20220530 17:12:15.765"/>
</kw>
<kw name="-CERRAR TODOS LOS NAVEGADORES-" library="libraries_keywords">
<kw name="Close All Browsers" library="Selenium2Library">
<doc>Closes all open browsers and resets the browser cache.</doc>
<status status="PASS" starttime="20220530 17:12:15.766" endtime="20220530 17:12:15.884"/>
</kw>
<status status="PASS" starttime="20220530 17:12:15.765" endtime="20220530 17:12:15.884"/>
</kw>
<kw name="-CERRAR CHARLES-" library="libraries_keywords">
<kw name="Terminate All Charles Proxy Sessions" library="charles_library">
<status status="PASS" starttime="20220530 17:12:15.885" endtime="20220530 17:12:15.896"/>
</kw>
<status status="PASS" starttime="20220530 17:12:15.884" endtime="20220530 17:12:15.897"/>
</kw>
<status status="PASS" starttime="20220530 17:12:15.712" endtime="20220530 17:12:15.897"/>
</kw>
<doc>tester, archivo para probar cambios</doc>
<status status="PASS" starttime="20220530 17:11:16.657" endtime="20220530 17:12:15.897"/>
</suite>
<statistics>
<total>
<stat pass="2" fail="0" skip="0">All Tests</stat>
</total>
<tag>
<stat pass="1" fail="0" skip="0">test_funcional</stat>
<stat pass="1" fail="0" skip="0">test_Nofuncional</stat>
</tag>
<suite>
<stat pass="2" fail="0" skip="0" id="s1" name="Tester">Tester</stat>
</suite>
</statistics>
<errors>
</errors>
</robot>
