<?xml version="1.0" encoding="UTF-8"?>
<robot generator="Robot 5.0 (Python 3.6.9 on linux)" generated="20220530 17:07:43.573" rpa="false" schemaversion="3">
<suite id="s1" name="Tester" source="/home/usr_admin/auto_qc/web_auto/QC-WEB-MX/testCases/tester.robot">
<kw name="-CONFIGURACIÓN INICIAL SUITETEST-" library="libraries_keywords" type="SETUP">
<kw name="-ABRIR CHARLES-" library="libraries_keywords">
<kw name="Start Charles Proxy In Headless Mode" library="charles_library">
<status status="PASS" starttime="20220530 17:07:43.983" endtime="20220530 17:07:47.990"/>
</kw>
<kw name="Sleep" library="BuiltIn">
<arg>4</arg>
<doc>Pauses the test executed for the given time.</doc>
<msg timestamp="20220530 17:07:51.992" level="INFO">Slept 4 seconds</msg>
<status status="PASS" starttime="20220530 17:07:47.991" endtime="20220530 17:07:51.992"/>
</kw>
<status status="PASS" starttime="20220530 17:07:43.983" endtime="20220530 17:07:51.993"/>
</kw>
<kw name="-INICIAR GRABACION CHARLES-" library="libraries_keywords">
<kw name="Start Charles Proxy Session Recording" library="charles_library">
<status status="PASS" starttime="20220530 17:07:51.994" endtime="20220530 17:07:52.012"/>
</kw>
<status status="PASS" starttime="20220530 17:07:51.993" endtime="20220530 17:07:52.012"/>
</kw>
<status status="PASS" starttime="20220530 17:07:43.982" endtime="20220530 17:07:52.013"/>
</kw>
<test id="s1-t1" name="CV-WEB-ACCESO-VALIDAR LOGOUT" line="11">
<kw name="-CONFIGURACIÓN TESTCASE-" library="libraries_keywords" type="SETUP">
<kw name="-CONFIGURAR DIRECTORIO SCREENSHOTS-" library="libraries_keywords">
<kw name="Set Screenshot Directory" library="Selenium2Library">
<arg>${screenshots-folder}</arg>
<doc>Sets the directory for captured screenshots.</doc>
<status status="PASS" starttime="20220530 17:07:52.018" endtime="20220530 17:07:52.019"/>
</kw>
<status status="PASS" starttime="20220530 17:07:52.018" endtime="20220530 17:07:52.019"/>
</kw>
<status status="PASS" starttime="20220530 17:07:52.017" endtime="20220530 17:07:52.019"/>
</kw>
<kw name="-LOGIN HOME CV-" library="tests_keywords">
<arg>${email_valido}</arg>
<arg>${pass_valido}</arg>
<kw name="-ABRIR LOGIN PAGE-" library="tests_keywords">
<kw name="Open Browser" library="Selenium2Library">
<arg>${url_login_page}</arg>
<arg>${browser}</arg>
<doc>Opens a new browser instance to the optional ``url``.</doc>
<msg timestamp="20220530 17:07:52.022" level="INFO">Opening browser 'headlesschrome' to base url 'https://www.clarovideo.com/mexico/login'.</msg>
<status status="PASS" starttime="20220530 17:07:52.021" endtime="20220530 17:07:55.525"/>
</kw>
<status status="PASS" starttime="20220530 17:07:52.020" endtime="20220530 17:07:55.526"/>
</kw>
<kw name="-INGRESAR EMAIL PARA LOGIN-" library="tests_keywords">
<arg>${email}</arg>
<kw name="Wait Until Element Is Visible" library="Selenium2Library">
<arg>${elementos_login_email['reg_emailtextbox']}</arg>
<doc>Waits until the element ``locator`` is visible.</doc>
<status status="PASS" starttime="20220530 17:07:55.527" endtime="20220530 17:07:56.310"/>
</kw>
<kw name="Input Text" library="Selenium2Library">
<arg>${elementos_login_email['reg_emailtextbox']}</arg>
<arg>${email}</arg>
<doc>Types the given ``text`` into the text field identified by ``locator``.</doc>
<msg timestamp="20220530 17:07:56.313" level="INFO">Typing text 's_tamezaa@globalhitss.com' into text field 'xpath=//*[@id="emailLogin"]'.</msg>
<status status="PASS" starttime="20220530 17:07:56.311" endtime="20220530 17:07:56.492"/>
</kw>
<kw name="Click Button" library="Selenium2Library">
<arg>${elementos_login_email['log_siguiente']}</arg>
<doc>Clicks the button identified by ``locator``.</doc>
<msg timestamp="20220530 17:07:56.494" level="INFO">Clicking button 'xpath=/html/body/div[2]/div/div[1]/div/div[2]/div/div/div[3]/div/button'.</msg>
<status status="PASS" starttime="20220530 17:07:56.492" endtime="20220530 17:07:56.691"/>
</kw>
<status status="PASS" starttime="20220530 17:07:55.526" endtime="20220530 17:07:56.692"/>
</kw>
<kw name="-INGRESAR PASSWORD PARA LOGIN-" library="tests_keywords">
<arg>${password}</arg>
<kw name="Wait Until Element Is Visible" library="Selenium2Library">
<arg>${elementos_login_pass['reg_pass_passtextbox']}</arg>
<doc>Waits until the element ``locator`` is visible.</doc>
<status status="PASS" starttime="20220530 17:07:56.693" endtime="20220530 17:07:57.024"/>
</kw>
<kw name="Input Text" library="Selenium2Library">
<arg>${elementos_login_pass['reg_pass_passtextbox']}</arg>
<arg>${password}</arg>
<doc>Types the given ``text`` into the text field identified by ``locator``.</doc>
<msg timestamp="20220530 17:07:57.026" level="INFO">Typing text 'Claro123!' into text field 'xpath=//*[@id="password"]'.</msg>
<status status="PASS" starttime="20220530 17:07:57.024" endtime="20220530 17:07:57.149"/>
</kw>
<kw name="Click Button" library="Selenium2Library">
<arg>${elementos_login_pass['log_pass_siguiente']}</arg>
<doc>Clicks the button identified by ``locator``.</doc>
<msg timestamp="20220530 17:07:57.151" level="INFO">Clicking button 'xpath=/html/body/div[2]/div/div[1]/div/div[2]/div/div/div[4]/div/button'.</msg>
<status status="PASS" starttime="20220530 17:07:57.149" endtime="20220530 17:07:57.253"/>
</kw>
<status status="PASS" starttime="20220530 17:07:56.692" endtime="20220530 17:07:57.253"/>
</kw>
<kw name="Sleep" library="BuiltIn">
<arg>20</arg>
<doc>Pauses the test executed for the given time.</doc>
<msg timestamp="20220530 17:08:17.254" level="INFO">Slept 20 seconds</msg>
<status status="PASS" starttime="20220530 17:07:57.253" endtime="20220530 17:08:17.254"/>
</kw>
<kw name="-CLICK IMAGEN DE PERFIL-" library="tests_keywords">
<kw name="Sleep" library="BuiltIn">
<arg>7</arg>
<doc>Pauses the test executed for the given time.</doc>
<msg timestamp="20220530 17:08:24.255" level="INFO">Slept 7 seconds</msg>
<status status="PASS" starttime="20220530 17:08:17.255" endtime="20220530 17:08:24.256"/>
</kw>
<kw name="Wait Until Page Contains Element" library="Selenium2Library">
<arg>${elementos_profile_page['selectProfile_1_image']}</arg>
<doc>Waits until the element ``locator`` appears on the current page.</doc>
<status status="PASS" starttime="20220530 17:08:24.256" endtime="20220530 17:08:24.281"/>
</kw>
<kw name="Click Element" library="Selenium2Library">
<arg>${elementos_profile_page['selectProfile_1_image']}</arg>
<doc>Click the element identified by ``locator``.</doc>
<msg timestamp="20220530 17:08:24.283" level="INFO">Clicking element 'xpath=//div[@class='image-grid-container']//div[1]//div[1]//img[1]'.</msg>
<status status="PASS" starttime="20220530 17:08:24.282" endtime="20220530 17:08:24.388"/>
</kw>
<status status="PASS" starttime="20220530 17:08:17.254" endtime="20220530 17:08:24.388"/>
</kw>
<kw name="-VALIDAR CARGA HOME-" library="tests_keywords">
<kw name="Sleep" library="BuiltIn">
<arg>7</arg>
<doc>Pauses the test executed for the given time.</doc>
<msg timestamp="20220530 17:08:31.390" level="INFO">Slept 7 seconds</msg>
<status status="PASS" starttime="20220530 17:08:24.389" endtime="20220530 17:08:31.390"/>
</kw>
<kw name="Wait Until Page Contains Element" library="Selenium2Library">
<arg>${elementos_home_page['home_lupa']}</arg>
<doc>Waits until the element ``locator`` appears on the current page.</doc>
<status status="PASS" starttime="20220530 17:08:31.390" endtime="20220530 17:08:31.408"/>
</kw>
<status status="PASS" starttime="20220530 17:08:24.389" endtime="20220530 17:08:31.408"/>
</kw>
<status status="PASS" starttime="20220530 17:07:52.020" endtime="20220530 17:08:31.409"/>
</kw>
<kw name="-LOGOUT HOME CV-" library="tests_keywords">
<kw name="Mouse Down" library="Selenium2Library">
<arg>${profile_menu_page['close_session_inMenu']}</arg>
<doc>Simulates pressing the left mouse button on the element ``locator``.</doc>
<msg timestamp="20220530 17:08:31.411" level="INFO">Simulating Mouse Down on element 'xpath=//a[@class='dropdown-toggle dropdownUser menu_user custom-menu-user-style hidden-xs']//img[@class='menu_user--img']'.</msg>
<status status="PASS" starttime="20220530 17:08:31.410" endtime="20220530 17:08:31.690"/>
</kw>
<kw name="Click Element" library="Selenium2Library">
<arg>${profile_menu_page['close_session_button']}</arg>
<doc>Click the element identified by ``locator``.</doc>
<msg timestamp="20220530 17:08:31.692" level="INFO">Clicking element 'xpath=//a[normalize-space()='Cerrar Sesión']'.</msg>
<status status="PASS" starttime="20220530 17:08:31.691" endtime="20220530 17:08:31.781"/>
</kw>
<status status="PASS" starttime="20220530 17:08:31.409" endtime="20220530 17:08:31.782"/>
</kw>
<kw name="-TERMINAR CONFIGURACIÓN TESTCASE-" library="libraries_keywords" type="TEARDOWN">
<kw name="Capture Page Screenshot" library="Selenium2Library">
<doc>Takes a screenshot of the current page and embeds it into a log file.</doc>
<msg timestamp="20220530 17:08:31.850" level="INFO" html="true">&lt;/td&gt;&lt;/tr&gt;&lt;tr&gt;&lt;td colspan="3"&gt;&lt;a href="../../auto_qc/web_auto/QC-WEB-MX/Resultados/screenshots/selenium-screenshot-7.png"&gt;&lt;img src="../../auto_qc/web_auto/QC-WEB-MX/Resultados/screenshots/selenium-screenshot-7.png" width="800px"&gt;&lt;/a&gt;</msg>
<status status="PASS" starttime="20220530 17:08:31.783" endtime="20220530 17:08:31.850"/>
</kw>
<status status="PASS" starttime="20220530 17:08:31.782" endtime="20220530 17:08:31.851"/>
</kw>
<tag>test_funcional</tag>
<status status="PASS" starttime="20220530 17:07:52.013" endtime="20220530 17:08:31.851"/>
</test>
<test id="s1-t2" name="CV-WEB-NAVEGACION-VALIDAR ELEMENTOS REGISTER PAGE" line="21">
<kw name="-CONFIGURACIÓN TESTCASE-" library="libraries_keywords" type="SETUP">
<kw name="-CONFIGURAR DIRECTORIO SCREENSHOTS-" library="libraries_keywords">
<kw name="Set Screenshot Directory" library="Selenium2Library">
<arg>${screenshots-folder}</arg>
<doc>Sets the directory for captured screenshots.</doc>
<status status="PASS" starttime="20220530 17:08:31.854" endtime="20220530 17:08:31.854"/>
</kw>
<status status="PASS" starttime="20220530 17:08:31.853" endtime="20220530 17:08:31.854"/>
</kw>
<status status="PASS" starttime="20220530 17:08:31.853" endtime="20220530 17:08:31.855"/>
</kw>
<kw name="-ABRIR REGISTER PAGE-" library="tests_keywords">
<kw name="Open Browser" library="Selenium2Library">
<arg>${url_register_page}</arg>
<arg>${browser}</arg>
<doc>Opens a new browser instance to the optional ``url``.</doc>
<msg timestamp="20220530 17:08:31.856" level="INFO">Opening browser 'headlesschrome' to base url 'https://www.clarovideo.com/mexico/register'.</msg>
<status status="PASS" starttime="20220530 17:08:31.856" endtime="20220530 17:08:34.588"/>
</kw>
<status status="PASS" starttime="20220530 17:08:31.855" endtime="20220530 17:08:34.588"/>
</kw>
<kw name="-VALIDAR TEXTOS Y ELEMENTOS-" library="libraries_keywords">
<arg>${elementos_register_page}</arg>
<arg>${textos_register_page}</arg>
<for flavor="IN">
<var>${element}</var>
<value>@{a1}</value>
<iter>
<var name="${element}">reg_registrate</var>
<kw name="Scroll Element Into View" library="Selenium2Library">
<arg>${a1['${element}']}</arg>
<doc>Scrolls the element identified by ``locator`` into view.</doc>
<status status="PASS" starttime="20220530 17:08:34.590" endtime="20220530 17:08:36.214"/>
</kw>
<kw name="Run Keyword And Continue On Failure" library="BuiltIn">
<arg>Wait Until Element is Visible</arg>
<arg>${a1['${element}']}</arg>
<doc>Runs the keyword and continues execution even if a failure occurs.</doc>
<kw name="Wait Until Element Is Visible" library="Selenium2Library">
<arg>${a1['${element}']}</arg>
<doc>Waits until the element ``locator`` is visible.</doc>
<status status="PASS" starttime="20220530 17:08:36.215" endtime="20220530 17:08:36.243"/>
</kw>
<status status="PASS" starttime="20220530 17:08:36.215" endtime="20220530 17:08:36.243"/>
</kw>
<kw name="Run Keyword And Continue On Failure" library="BuiltIn">
<arg>element text should be</arg>
<arg>${a1['${element}']}</arg>
<arg>${a2['${element}']}</arg>
<doc>Runs the keyword and continues execution even if a failure occurs.</doc>
<kw name="Element Text Should Be" library="Selenium2Library">
<arg>${a1['${element}']}</arg>
<arg>${a2['${element}']}</arg>
<doc>Verifies that element ``locator`` contains exact the text ``expected``.</doc>
<msg timestamp="20220530 17:08:36.248" level="INFO">Verifying element 'xpath=/html/body/div[2]/div/div[1]/div/div[2]/div/div/div[1]' contains exact text 'Regístrate'.</msg>
<status status="PASS" starttime="20220530 17:08:36.244" endtime="20220530 17:08:36.273"/>
</kw>
<status status="PASS" starttime="20220530 17:08:36.244" endtime="20220530 17:08:36.273"/>
</kw>
<status status="PASS" starttime="20220530 17:08:34.590" endtime="20220530 17:08:36.273"/>
</iter>
<iter>
<var name="${element}">reg_cualemail?</var>
<kw name="Scroll Element Into View" library="Selenium2Library">
<arg>${a1['${element}']}</arg>
<doc>Scrolls the element identified by ``locator`` into view.</doc>
<status status="PASS" starttime="20220530 17:08:36.274" endtime="20220530 17:08:36.549"/>
</kw>
<kw name="Run Keyword And Continue On Failure" library="BuiltIn">
<arg>Wait Until Element is Visible</arg>
<arg>${a1['${element}']}</arg>
<doc>Runs the keyword and continues execution even if a failure occurs.</doc>
<kw name="Wait Until Element Is Visible" library="Selenium2Library">
<arg>${a1['${element}']}</arg>
<doc>Waits until the element ``locator`` is visible.</doc>
<status status="PASS" starttime="20220530 17:08:36.549" endtime="20220530 17:08:36.576"/>
</kw>
<status status="PASS" starttime="20220530 17:08:36.549" endtime="20220530 17:08:36.576"/>
</kw>
<kw name="Run Keyword And Continue On Failure" library="BuiltIn">
<arg>element text should be</arg>
<arg>${a1['${element}']}</arg>
<arg>${a2['${element}']}</arg>
<doc>Runs the keyword and continues execution even if a failure occurs.</doc>
<kw name="Element Text Should Be" library="Selenium2Library">
<arg>${a1['${element}']}</arg>
<arg>${a2['${element}']}</arg>
<doc>Verifies that element ``locator`` contains exact the text ``expected``.</doc>
<msg timestamp="20220530 17:08:36.581" level="INFO">Verifying element 'xpath=/html/body/div[2]/div/div[1]/div/div[2]/div/div/div[2]/div[1]' contains exact text '¿Cuál es tu correo electrónico?'.</msg>
<status status="PASS" starttime="20220530 17:08:36.577" endtime="20220530 17:08:36.604"/>
</kw>
<status status="PASS" starttime="20220530 17:08:36.577" endtime="20220530 17:08:36.604"/>
</kw>
<status status="PASS" starttime="20220530 17:08:36.274" endtime="20220530 17:08:36.604"/>
</iter>
<iter>
<var name="${element}">reg_emailtextbox</var>
<kw name="Scroll Element Into View" library="Selenium2Library">
<arg>${a1['${element}']}</arg>
<doc>Scrolls the element identified by ``locator`` into view.</doc>
<status status="PASS" starttime="20220530 17:08:36.605" endtime="20220530 17:08:36.879"/>
</kw>
<kw name="Run Keyword And Continue On Failure" library="BuiltIn">
<arg>Wait Until Element is Visible</arg>
<arg>${a1['${element}']}</arg>
<doc>Runs the keyword and continues execution even if a failure occurs.</doc>
<kw name="Wait Until Element Is Visible" library="Selenium2Library">
<arg>${a1['${element}']}</arg>
<doc>Waits until the element ``locator`` is visible.</doc>
<status status="PASS" starttime="20220530 17:08:36.880" endtime="20220530 17:08:36.902"/>
</kw>
<status status="PASS" starttime="20220530 17:08:36.880" endtime="20220530 17:08:36.902"/>
</kw>
<kw name="Run Keyword And Continue On Failure" library="BuiltIn">
<arg>element text should be</arg>
<arg>${a1['${element}']}</arg>
<arg>${a2['${element}']}</arg>
<doc>Runs the keyword and continues execution even if a failure occurs.</doc>
<kw name="Element Text Should Be" library="Selenium2Library">
<arg>${a1['${element}']}</arg>
<arg>${a2['${element}']}</arg>
<doc>Verifies that element ``locator`` contains exact the text ``expected``.</doc>
<msg timestamp="20220530 17:08:36.906" level="INFO">Verifying element 'xpath=//input[@id='emailRegister']' contains exact text ''.</msg>
<status status="PASS" starttime="20220530 17:08:36.902" endtime="20220530 17:08:36.929"/>
</kw>
<status status="PASS" starttime="20220530 17:08:36.902" endtime="20220530 17:08:36.929"/>
</kw>
<status status="PASS" starttime="20220530 17:08:36.605" endtime="20220530 17:08:36.929"/>
</iter>
<iter>
<var name="${element}">reg_terms</var>
<kw name="Scroll Element Into View" library="Selenium2Library">
<arg>${a1['${element}']}</arg>
<doc>Scrolls the element identified by ``locator`` into view.</doc>
<status status="PASS" starttime="20220530 17:08:36.930" endtime="20220530 17:08:37.218"/>
</kw>
<kw name="Run Keyword And Continue On Failure" library="BuiltIn">
<arg>Wait Until Element is Visible</arg>
<arg>${a1['${element}']}</arg>
<doc>Runs the keyword and continues execution even if a failure occurs.</doc>
<kw name="Wait Until Element Is Visible" library="Selenium2Library">
<arg>${a1['${element}']}</arg>
<doc>Waits until the element ``locator`` is visible.</doc>
<status status="PASS" starttime="20220530 17:08:37.219" endtime="20220530 17:08:37.240"/>
</kw>
<status status="PASS" starttime="20220530 17:08:37.218" endtime="20220530 17:08:37.240"/>
</kw>
<kw name="Run Keyword And Continue On Failure" library="BuiltIn">
<arg>element text should be</arg>
<arg>${a1['${element}']}</arg>
<arg>${a2['${element}']}</arg>
<doc>Runs the keyword and continues execution even if a failure occurs.</doc>
<kw name="Element Text Should Be" library="Selenium2Library">
<arg>${a1['${element}']}</arg>
<arg>${a2['${element}']}</arg>
<doc>Verifies that element ``locator`` contains exact the text ``expected``.</doc>
<msg timestamp="20220530 17:08:37.244" level="INFO">Verifying element 'xpath=//*[@class='_1pakn']//span[contains(text(),'Acepto los')]' contains exact text 'Acepto los Términos y Condiciones del servicio.'.</msg>
<status status="PASS" starttime="20220530 17:08:37.241" endtime="20220530 17:08:37.268"/>
</kw>
<status status="PASS" starttime="20220530 17:08:37.241" endtime="20220530 17:08:37.269"/>
</kw>
<status status="PASS" starttime="20220530 17:08:36.929" endtime="20220530 17:08:37.269"/>
</iter>
<iter>
<var name="${element}">reg_terms_check</var>
<kw name="Scroll Element Into View" library="Selenium2Library">
<arg>${a1['${element}']}</arg>
<doc>Scrolls the element identified by ``locator`` into view.</doc>
<status status="PASS" starttime="20220530 17:08:37.269" endtime="20220530 17:08:37.544"/>
</kw>
<kw name="Run Keyword And Continue On Failure" library="BuiltIn">
<arg>Wait Until Element is Visible</arg>
<arg>${a1['${element}']}</arg>
<doc>Runs the keyword and continues execution even if a failure occurs.</doc>
<kw name="Wait Until Element Is Visible" library="Selenium2Library">
<arg>${a1['${element}']}</arg>
<doc>Waits until the element ``locator`` is visible.</doc>
<status status="PASS" starttime="20220530 17:08:37.545" endtime="20220530 17:08:37.567"/>
</kw>
<status status="PASS" starttime="20220530 17:08:37.544" endtime="20220530 17:08:37.567"/>
</kw>
<kw name="Run Keyword And Continue On Failure" library="BuiltIn">
<arg>element text should be</arg>
<arg>${a1['${element}']}</arg>
<arg>${a2['${element}']}</arg>
<doc>Runs the keyword and continues execution even if a failure occurs.</doc>
<kw name="Element Text Should Be" library="Selenium2Library">
<arg>${a1['${element}']}</arg>
<arg>${a2['${element}']}</arg>
<doc>Verifies that element ``locator`` contains exact the text ``expected``.</doc>
<msg timestamp="20220530 17:08:37.571" level="INFO">Verifying element 'xpath=//span[@class='_3i1FC']' contains exact text ''.</msg>
<status status="PASS" starttime="20220530 17:08:37.568" endtime="20220530 17:08:37.595"/>
</kw>
<status status="PASS" starttime="20220530 17:08:37.567" endtime="20220530 17:08:37.595"/>
</kw>
<status status="PASS" starttime="20220530 17:08:37.269" endtime="20220530 17:08:37.595"/>
</iter>
<iter>
<var name="${element}">reg_terms_link</var>
<kw name="Scroll Element Into View" library="Selenium2Library">
<arg>${a1['${element}']}</arg>
<doc>Scrolls the element identified by ``locator`` into view.</doc>
<status status="PASS" starttime="20220530 17:08:37.595" endtime="20220530 17:08:37.870"/>
</kw>
<kw name="Run Keyword And Continue On Failure" library="BuiltIn">
<arg>Wait Until Element is Visible</arg>
<arg>${a1['${element}']}</arg>
<doc>Runs the keyword and continues execution even if a failure occurs.</doc>
<kw name="Wait Until Element Is Visible" library="Selenium2Library">
<arg>${a1['${element}']}</arg>
<doc>Waits until the element ``locator`` is visible.</doc>
<status status="PASS" starttime="20220530 17:08:37.871" endtime="20220530 17:08:37.893"/>
</kw>
<status status="PASS" starttime="20220530 17:08:37.870" endtime="20220530 17:08:37.894"/>
</kw>
<kw name="Run Keyword And Continue On Failure" library="BuiltIn">
<arg>element text should be</arg>
<arg>${a1['${element}']}</arg>
<arg>${a2['${element}']}</arg>
<doc>Runs the keyword and continues execution even if a failure occurs.</doc>
<kw name="Element Text Should Be" library="Selenium2Library">
<arg>${a1['${element}']}</arg>
<arg>${a2['${element}']}</arg>
<doc>Verifies that element ``locator`` contains exact the text ``expected``.</doc>
<msg timestamp="20220530 17:08:37.898" level="INFO">Verifying element 'xpath=//a[normalize-space()='Términos y Condiciones']' contains exact text 'Términos y Condiciones'.</msg>
<status status="PASS" starttime="20220530 17:08:37.894" endtime="20220530 17:08:37.921"/>
</kw>
<status status="PASS" starttime="20220530 17:08:37.894" endtime="20220530 17:08:37.921"/>
</kw>
<status status="PASS" starttime="20220530 17:08:37.595" endtime="20220530 17:08:37.921"/>
</iter>
<iter>
<var name="${element}">reg_siguiente</var>
<kw name="Scroll Element Into View" library="Selenium2Library">
<arg>${a1['${element}']}</arg>
<doc>Scrolls the element identified by ``locator`` into view.</doc>
<status status="PASS" starttime="20220530 17:08:37.922" endtime="20220530 17:08:38.197"/>
</kw>
<kw name="Run Keyword And Continue On Failure" library="BuiltIn">
<arg>Wait Until Element is Visible</arg>
<arg>${a1['${element}']}</arg>
<doc>Runs the keyword and continues execution even if a failure occurs.</doc>
<kw name="Wait Until Element Is Visible" library="Selenium2Library">
<arg>${a1['${element}']}</arg>
<doc>Waits until the element ``locator`` is visible.</doc>
<status status="PASS" starttime="20220530 17:08:38.198" endtime="20220530 17:08:38.220"/>
</kw>
<status status="PASS" starttime="20220530 17:08:38.197" endtime="20220530 17:08:38.220"/>
</kw>
<kw name="Run Keyword And Continue On Failure" library="BuiltIn">
<arg>element text should be</arg>
<arg>${a1['${element}']}</arg>
<arg>${a2['${element}']}</arg>
<doc>Runs the keyword and continues execution even if a failure occurs.</doc>
<kw name="Element Text Should Be" library="Selenium2Library">
<arg>${a1['${element}']}</arg>
<arg>${a2['${element}']}</arg>
<doc>Verifies that element ``locator`` contains exact the text ``expected``.</doc>
<msg timestamp="20220530 17:08:38.224" level="INFO">Verifying element 'xpath=/html/body/div[2]/div/div[1]/div/div[2]/div/div/div[4]/div/button' contains exact text 'SIGUIENTE'.</msg>
<status status="PASS" starttime="20220530 17:08:38.220" endtime="20220530 17:08:38.246"/>
</kw>
<status status="PASS" starttime="20220530 17:08:38.220" endtime="20220530 17:08:38.247"/>
</kw>
<status status="PASS" starttime="20220530 17:08:37.921" endtime="20220530 17:08:38.247"/>
</iter>
<iter>
<var name="${element}">reg_cancelar</var>
<kw name="Scroll Element Into View" library="Selenium2Library">
<arg>${a1['${element}']}</arg>
<doc>Scrolls the element identified by ``locator`` into view.</doc>
<status status="PASS" starttime="20220530 17:08:38.247" endtime="20220530 17:08:38.521"/>
</kw>
<kw name="Run Keyword And Continue On Failure" library="BuiltIn">
<arg>Wait Until Element is Visible</arg>
<arg>${a1['${element}']}</arg>
<doc>Runs the keyword and continues execution even if a failure occurs.</doc>
<kw name="Wait Until Element Is Visible" library="Selenium2Library">
<arg>${a1['${element}']}</arg>
<doc>Waits until the element ``locator`` is visible.</doc>
<status status="PASS" starttime="20220530 17:08:38.521" endtime="20220530 17:08:38.542"/>
</kw>
<status status="PASS" starttime="20220530 17:08:38.521" endtime="20220530 17:08:38.542"/>
</kw>
<kw name="Run Keyword And Continue On Failure" library="BuiltIn">
<arg>element text should be</arg>
<arg>${a1['${element}']}</arg>
<arg>${a2['${element}']}</arg>
<doc>Runs the keyword and continues execution even if a failure occurs.</doc>
<kw name="Element Text Should Be" library="Selenium2Library">
<arg>${a1['${element}']}</arg>
<arg>${a2['${element}']}</arg>
<doc>Verifies that element ``locator`` contains exact the text ``expected``.</doc>
<msg timestamp="20220530 17:08:38.546" level="INFO">Verifying element 'xpath=/html/body/div[2]/div/div[1]/div/div[2]/div/div/div[5]/div/button' contains exact text 'CANCELAR'.</msg>
<status status="PASS" starttime="20220530 17:08:38.543" endtime="20220530 17:08:38.569"/>
</kw>
<status status="PASS" starttime="20220530 17:08:38.542" endtime="20220530 17:08:38.569"/>
</kw>
<status status="PASS" starttime="20220530 17:08:38.247" endtime="20220530 17:08:38.569"/>
</iter>
<iter>
<var name="${element}">reg_telmex?</var>
<kw name="Scroll Element Into View" library="Selenium2Library">
<arg>${a1['${element}']}</arg>
<doc>Scrolls the element identified by ``locator`` into view.</doc>
<status status="PASS" starttime="20220530 17:08:38.570" endtime="20220530 17:08:38.844"/>
</kw>
<kw name="Run Keyword And Continue On Failure" library="BuiltIn">
<arg>Wait Until Element is Visible</arg>
<arg>${a1['${element}']}</arg>
<doc>Runs the keyword and continues execution even if a failure occurs.</doc>
<kw name="Wait Until Element Is Visible" library="Selenium2Library">
<arg>${a1['${element}']}</arg>
<doc>Waits until the element ``locator`` is visible.</doc>
<status status="PASS" starttime="20220530 17:08:38.845" endtime="20220530 17:08:38.866"/>
</kw>
<status status="PASS" starttime="20220530 17:08:38.844" endtime="20220530 17:08:38.867"/>
</kw>
<kw name="Run Keyword And Continue On Failure" library="BuiltIn">
<arg>element text should be</arg>
<arg>${a1['${element}']}</arg>
<arg>${a2['${element}']}</arg>
<doc>Runs the keyword and continues execution even if a failure occurs.</doc>
<kw name="Element Text Should Be" library="Selenium2Library">
<arg>${a1['${element}']}</arg>
<arg>${a2['${element}']}</arg>
<doc>Verifies that element ``locator`` contains exact the text ``expected``.</doc>
<msg timestamp="20220530 17:08:38.870" level="INFO">Verifying element 'xpath=/html/body/div[2]/div/div[1]/div/div[2]/div/div/div[6]/span' contains exact text '¿Tienes Telmex o Telcel?
Conoce las promociones'.</msg>
<status status="PASS" starttime="20220530 17:08:38.867" endtime="20220530 17:08:38.894"/>
</kw>
<status status="PASS" starttime="20220530 17:08:38.867" endtime="20220530 17:08:38.894"/>
</kw>
<status status="PASS" starttime="20220530 17:08:38.570" endtime="20220530 17:08:38.895"/>
</iter>
<iter>
<var name="${element}">reg_terms_promo</var>
<kw name="Scroll Element Into View" library="Selenium2Library">
<arg>${a1['${element}']}</arg>
<doc>Scrolls the element identified by ``locator`` into view.</doc>
<status status="PASS" starttime="20220530 17:08:38.895" endtime="20220530 17:08:39.170"/>
</kw>
<kw name="Run Keyword And Continue On Failure" library="BuiltIn">
<arg>Wait Until Element is Visible</arg>
<arg>${a1['${element}']}</arg>
<doc>Runs the keyword and continues execution even if a failure occurs.</doc>
<kw name="Wait Until Element Is Visible" library="Selenium2Library">
<arg>${a1['${element}']}</arg>
<doc>Waits until the element ``locator`` is visible.</doc>
<status status="PASS" starttime="20220530 17:08:39.171" endtime="20220530 17:08:39.192"/>
</kw>
<status status="PASS" starttime="20220530 17:08:39.170" endtime="20220530 17:08:39.192"/>
</kw>
<kw name="Run Keyword And Continue On Failure" library="BuiltIn">
<arg>element text should be</arg>
<arg>${a1['${element}']}</arg>
<arg>${a2['${element}']}</arg>
<doc>Runs the keyword and continues execution even if a failure occurs.</doc>
<kw name="Element Text Should Be" library="Selenium2Library">
<arg>${a1['${element}']}</arg>
<arg>${a2['${element}']}</arg>
<doc>Verifies that element ``locator`` contains exact the text ``expected``.</doc>
<msg timestamp="20220530 17:08:39.196" level="INFO">Verifying element 'xpath=//a[normalize-space()='Conoce las promociones']' contains exact text 'Conoce las promociones'.</msg>
<status status="PASS" starttime="20220530 17:08:39.193" endtime="20220530 17:08:39.218"/>
</kw>
<status status="PASS" starttime="20220530 17:08:39.192" endtime="20220530 17:08:39.219"/>
</kw>
<status status="PASS" starttime="20220530 17:08:38.895" endtime="20220530 17:08:39.219"/>
</iter>
<iter>
<var name="${element}">reg_tienescuenta?</var>
<kw name="Scroll Element Into View" library="Selenium2Library">
<arg>${a1['${element}']}</arg>
<doc>Scrolls the element identified by ``locator`` into view.</doc>
<status status="PASS" starttime="20220530 17:08:39.219" endtime="20220530 17:08:39.501"/>
</kw>
<kw name="Run Keyword And Continue On Failure" library="BuiltIn">
<arg>Wait Until Element is Visible</arg>
<arg>${a1['${element}']}</arg>
<doc>Runs the keyword and continues execution even if a failure occurs.</doc>
<kw name="Wait Until Element Is Visible" library="Selenium2Library">
<arg>${a1['${element}']}</arg>
<doc>Waits until the element ``locator`` is visible.</doc>
<status status="PASS" starttime="20220530 17:08:39.502" endtime="20220530 17:08:39.523"/>
</kw>
<status status="PASS" starttime="20220530 17:08:39.501" endtime="20220530 17:08:39.523"/>
</kw>
<kw name="Run Keyword And Continue On Failure" library="BuiltIn">
<arg>element text should be</arg>
<arg>${a1['${element}']}</arg>
<arg>${a2['${element}']}</arg>
<doc>Runs the keyword and continues execution even if a failure occurs.</doc>
<kw name="Element Text Should Be" library="Selenium2Library">
<arg>${a1['${element}']}</arg>
<arg>${a2['${element}']}</arg>
<doc>Verifies that element ``locator`` contains exact the text ``expected``.</doc>
<msg timestamp="20220530 17:08:39.527" level="INFO">Verifying element 'xpath=/html/body/div[2]/div/div[1]/div/div[2]/div/div/div[7]/span' contains exact text '¿Ya tienes cuenta? Inicia sesión'.</msg>
<status status="PASS" starttime="20220530 17:08:39.524" endtime="20220530 17:08:39.553"/>
</kw>
<status status="PASS" starttime="20220530 17:08:39.523" endtime="20220530 17:08:39.553"/>
</kw>
<status status="PASS" starttime="20220530 17:08:39.219" endtime="20220530 17:08:39.554"/>
</iter>
<iter>
<var name="${element}">reg_sesion</var>
<kw name="Scroll Element Into View" library="Selenium2Library">
<arg>${a1['${element}']}</arg>
<doc>Scrolls the element identified by ``locator`` into view.</doc>
<status status="PASS" starttime="20220530 17:08:39.554" endtime="20220530 17:08:39.829"/>
</kw>
<kw name="Run Keyword And Continue On Failure" library="BuiltIn">
<arg>Wait Until Element is Visible</arg>
<arg>${a1['${element}']}</arg>
<doc>Runs the keyword and continues execution even if a failure occurs.</doc>
<kw name="Wait Until Element Is Visible" library="Selenium2Library">
<arg>${a1['${element}']}</arg>
<doc>Waits until the element ``locator`` is visible.</doc>
<status status="PASS" starttime="20220530 17:08:39.829" endtime="20220530 17:08:39.851"/>
</kw>
<status status="PASS" starttime="20220530 17:08:39.829" endtime="20220530 17:08:39.851"/>
</kw>
<kw name="Run Keyword And Continue On Failure" library="BuiltIn">
<arg>element text should be</arg>
<arg>${a1['${element}']}</arg>
<arg>${a2['${element}']}</arg>
<doc>Runs the keyword and continues execution even if a failure occurs.</doc>
<kw name="Element Text Should Be" library="Selenium2Library">
<arg>${a1['${element}']}</arg>
<arg>${a2['${element}']}</arg>
<doc>Verifies that element ``locator`` contains exact the text ``expected``.</doc>
<msg timestamp="20220530 17:08:39.855" level="INFO">Verifying element 'xpath=/html/body/div[2]/div/div[1]/div/div[2]/div/div/div[7]/span/a' contains exact text 'Inicia sesión'.</msg>
<status status="PASS" starttime="20220530 17:08:39.852" endtime="20220530 17:08:39.881"/>
</kw>
<status status="PASS" starttime="20220530 17:08:39.851" endtime="20220530 17:08:39.881"/>
</kw>
<status status="PASS" starttime="20220530 17:08:39.554" endtime="20220530 17:08:39.881"/>
</iter>
<status status="PASS" starttime="20220530 17:08:34.590" endtime="20220530 17:08:39.881"/>
</for>
<status status="PASS" starttime="20220530 17:08:34.589" endtime="20220530 17:08:39.881"/>
</kw>
<kw name="-INGRESAR EMAIL PARA REGISTRO-" library="tests_keywords">
<arg>${EMAIL_RANDOM_PYTHON}</arg>
<kw name="Wait Until Element Is Visible" library="Selenium2Library">
<arg>${elementos_register_page['reg_emailtextbox']}</arg>
<doc>Waits until the element ``locator`` is visible.</doc>
<status status="PASS" starttime="20220530 17:08:39.882" endtime="20220530 17:08:39.901"/>
</kw>
<kw name="Input Text" library="Selenium2Library">
<arg>${elementos_register_page['reg_emailtextbox']}</arg>
<arg>${EMAIL_RANDOM}</arg>
<doc>Types the given ``text`` into the text field identified by ``locator``.</doc>
<msg timestamp="20220530 17:08:39.903" level="INFO">Typing text 'f8i2w8v5v2@gmail.com' into text field 'xpath=//input[@id='emailRegister']'.</msg>
<status status="PASS" starttime="20220530 17:08:39.901" endtime="20220530 17:08:40.284"/>
</kw>
<kw name="Click Element" library="Selenium2Library">
<arg>${elementos_register_page['reg_terms_check']}</arg>
<doc>Click the element identified by ``locator``.</doc>
<msg timestamp="20220530 17:08:40.286" level="INFO">Clicking element 'xpath=//span[@class='_3i1FC']'.</msg>
<status status="PASS" starttime="20220530 17:08:40.284" endtime="20220530 17:08:40.378"/>
</kw>
<kw name="Click Button" library="Selenium2Library">
<arg>${elementos_register_page['reg_siguiente']}</arg>
<doc>Clicks the button identified by ``locator``.</doc>
<msg timestamp="20220530 17:08:40.380" level="INFO">Clicking button 'xpath=/html/body/div[2]/div/div[1]/div/div[2]/div/div/div[4]/div/button'.</msg>
<status status="PASS" starttime="20220530 17:08:40.378" endtime="20220530 17:08:40.492"/>
</kw>
<status status="PASS" starttime="20220530 17:08:39.882" endtime="20220530 17:08:40.493"/>
</kw>
<kw name="-VALIDAR TEXTOS Y ELEMENTOS-" library="libraries_keywords">
<arg>${elementos_register_page_pass}</arg>
<arg>${textos_elementos_register_page_pass}</arg>
<for flavor="IN">
<var>${element}</var>
<value>@{a1}</value>
<iter>
<var name="${element}">reg_registrate</var>
<kw name="Scroll Element Into View" library="Selenium2Library">
<arg>${a1['${element}']}</arg>
<doc>Scrolls the element identified by ``locator`` into view.</doc>
<status status="PASS" starttime="20220530 17:08:40.494" endtime="20220530 17:08:40.785"/>
</kw>
<kw name="Run Keyword And Continue On Failure" library="BuiltIn">
<arg>Wait Until Element is Visible</arg>
<arg>${a1['${element}']}</arg>
<doc>Runs the keyword and continues execution even if a failure occurs.</doc>
<kw name="Wait Until Element Is Visible" library="Selenium2Library">
<arg>${a1['${element}']}</arg>
<doc>Waits until the element ``locator`` is visible.</doc>
<status status="PASS" starttime="20220530 17:08:40.785" endtime="20220530 17:08:40.809"/>
</kw>
<status status="PASS" starttime="20220530 17:08:40.785" endtime="20220530 17:08:40.809"/>
</kw>
<kw name="Run Keyword And Continue On Failure" library="BuiltIn">
<arg>element text should be</arg>
<arg>${a1['${element}']}</arg>
<arg>${a2['${element}']}</arg>
<doc>Runs the keyword and continues execution even if a failure occurs.</doc>
<kw name="Element Text Should Be" library="Selenium2Library">
<arg>${a1['${element}']}</arg>
<arg>${a2['${element}']}</arg>
<doc>Verifies that element ``locator`` contains exact the text ``expected``.</doc>
<msg timestamp="20220530 17:08:40.813" level="INFO">Verifying element 'xpath=//span[normalize-space()='Regístrate']' contains exact text 'Regístrate'.</msg>
<status status="PASS" starttime="20220530 17:08:40.810" endtime="20220530 17:08:40.837"/>
</kw>
<status status="PASS" starttime="20220530 17:08:40.809" endtime="20220530 17:08:40.838"/>
</kw>
<status status="PASS" starttime="20220530 17:08:40.494" endtime="20220530 17:08:40.838"/>
</iter>
<iter>
<var name="${element}">reg_passtext?</var>
<kw name="Scroll Element Into View" library="Selenium2Library">
<arg>${a1['${element}']}</arg>
<doc>Scrolls the element identified by ``locator`` into view.</doc>
<status status="PASS" starttime="20220530 17:08:40.838" endtime="20220530 17:08:41.118"/>
</kw>
<kw name="Run Keyword And Continue On Failure" library="BuiltIn">
<arg>Wait Until Element is Visible</arg>
<arg>${a1['${element}']}</arg>
<doc>Runs the keyword and continues execution even if a failure occurs.</doc>
<kw name="Wait Until Element Is Visible" library="Selenium2Library">
<arg>${a1['${element}']}</arg>
<doc>Waits until the element ``locator`` is visible.</doc>
<status status="PASS" starttime="20220530 17:08:41.119" endtime="20220530 17:08:41.140"/>
</kw>
<status status="PASS" starttime="20220530 17:08:41.118" endtime="20220530 17:08:41.140"/>
</kw>
<kw name="Run Keyword And Continue On Failure" library="BuiltIn">
<arg>element text should be</arg>
<arg>${a1['${element}']}</arg>
<arg>${a2['${element}']}</arg>
<doc>Runs the keyword and continues execution even if a failure occurs.</doc>
<kw name="Element Text Should Be" library="Selenium2Library">
<arg>${a1['${element}']}</arg>
<arg>${a2['${element}']}</arg>
<doc>Verifies that element ``locator`` contains exact the text ``expected``.</doc>
<msg timestamp="20220530 17:08:41.144" level="INFO">Verifying element 'xpath=//span[normalize-space()='Elige una contraseña.']' contains exact text 'Elige una contraseña.'.</msg>
<status status="PASS" starttime="20220530 17:08:41.141" endtime="20220530 17:08:41.167"/>
</kw>
<status status="PASS" starttime="20220530 17:08:41.141" endtime="20220530 17:08:41.168"/>
</kw>
<status status="PASS" starttime="20220530 17:08:40.838" endtime="20220530 17:08:41.168"/>
</iter>
<iter>
<var name="${element}">reg_passfield</var>
<kw name="Scroll Element Into View" library="Selenium2Library">
<arg>${a1['${element}']}</arg>
<doc>Scrolls the element identified by ``locator`` into view.</doc>
<status status="PASS" starttime="20220530 17:08:41.168" endtime="20220530 17:08:41.447"/>
</kw>
<kw name="Run Keyword And Continue On Failure" library="BuiltIn">
<arg>Wait Until Element is Visible</arg>
<arg>${a1['${element}']}</arg>
<doc>Runs the keyword and continues execution even if a failure occurs.</doc>
<kw name="Wait Until Element Is Visible" library="Selenium2Library">
<arg>${a1['${element}']}</arg>
<doc>Waits until the element ``locator`` is visible.</doc>
<status status="PASS" starttime="20220530 17:08:41.448" endtime="20220530 17:08:41.469"/>
</kw>
<status status="PASS" starttime="20220530 17:08:41.447" endtime="20220530 17:08:41.469"/>
</kw>
<kw name="Run Keyword And Continue On Failure" library="BuiltIn">
<arg>element text should be</arg>
<arg>${a1['${element}']}</arg>
<arg>${a2['${element}']}</arg>
<doc>Runs the keyword and continues execution even if a failure occurs.</doc>
<kw name="Element Text Should Be" library="Selenium2Library">
<arg>${a1['${element}']}</arg>
<arg>${a2['${element}']}</arg>
<doc>Verifies that element ``locator`` contains exact the text ``expected``.</doc>
<msg timestamp="20220530 17:08:41.473" level="INFO">Verifying element 'xpath=//input[@id='password']' contains exact text ''.</msg>
<status status="PASS" starttime="20220530 17:08:41.470" endtime="20220530 17:08:41.495"/>
</kw>
<status status="PASS" starttime="20220530 17:08:41.470" endtime="20220530 17:08:41.495"/>
</kw>
<status status="PASS" starttime="20220530 17:08:41.168" endtime="20220530 17:08:41.495"/>
</iter>
<iter>
<var name="${element}">reg_siguiente</var>
<kw name="Scroll Element Into View" library="Selenium2Library">
<arg>${a1['${element}']}</arg>
<doc>Scrolls the element identified by ``locator`` into view.</doc>
<status status="PASS" starttime="20220530 17:08:41.496" endtime="20220530 17:08:41.770"/>
</kw>
<kw name="Run Keyword And Continue On Failure" library="BuiltIn">
<arg>Wait Until Element is Visible</arg>
<arg>${a1['${element}']}</arg>
<doc>Runs the keyword and continues execution even if a failure occurs.</doc>
<kw name="Wait Until Element Is Visible" library="Selenium2Library">
<arg>${a1['${element}']}</arg>
<doc>Waits until the element ``locator`` is visible.</doc>
<status status="PASS" starttime="20220530 17:08:41.771" endtime="20220530 17:08:41.792"/>
</kw>
<status status="PASS" starttime="20220530 17:08:41.770" endtime="20220530 17:08:41.792"/>
</kw>
<kw name="Run Keyword And Continue On Failure" library="BuiltIn">
<arg>element text should be</arg>
<arg>${a1['${element}']}</arg>
<arg>${a2['${element}']}</arg>
<doc>Runs the keyword and continues execution even if a failure occurs.</doc>
<kw name="Element Text Should Be" library="Selenium2Library">
<arg>${a1['${element}']}</arg>
<arg>${a2['${element}']}</arg>
<doc>Verifies that element ``locator`` contains exact the text ``expected``.</doc>
<msg timestamp="20220530 17:08:41.796" level="INFO">Verifying element 'xpath=//button[normalize-space()='SIGUIENTE']' contains exact text 'SIGUIENTE'.</msg>
<status status="PASS" starttime="20220530 17:08:41.792" endtime="20220530 17:08:41.819"/>
</kw>
<status status="PASS" starttime="20220530 17:08:41.792" endtime="20220530 17:08:41.819"/>
</kw>
<status status="PASS" starttime="20220530 17:08:41.496" endtime="20220530 17:08:41.819"/>
</iter>
<iter>
<var name="${element}">reg_cancelar</var>
<kw name="Scroll Element Into View" library="Selenium2Library">
<arg>${a1['${element}']}</arg>
<doc>Scrolls the element identified by ``locator`` into view.</doc>
<status status="PASS" starttime="20220530 17:08:41.820" endtime="20220530 17:08:42.094"/>
</kw>
<kw name="Run Keyword And Continue On Failure" library="BuiltIn">
<arg>Wait Until Element is Visible</arg>
<arg>${a1['${element}']}</arg>
<doc>Runs the keyword and continues execution even if a failure occurs.</doc>
<kw name="Wait Until Element Is Visible" library="Selenium2Library">
<arg>${a1['${element}']}</arg>
<doc>Waits until the element ``locator`` is visible.</doc>
<status status="PASS" starttime="20220530 17:08:42.095" endtime="20220530 17:08:42.116"/>
</kw>
<status status="PASS" starttime="20220530 17:08:42.094" endtime="20220530 17:08:42.117"/>
</kw>
<kw name="Run Keyword And Continue On Failure" library="BuiltIn">
<arg>element text should be</arg>
<arg>${a1['${element}']}</arg>
<arg>${a2['${element}']}</arg>
<doc>Runs the keyword and continues execution even if a failure occurs.</doc>
<kw name="Element Text Should Be" library="Selenium2Library">
<arg>${a1['${element}']}</arg>
<arg>${a2['${element}']}</arg>
<doc>Verifies that element ``locator`` contains exact the text ``expected``.</doc>
<msg timestamp="20220530 17:08:42.121" level="INFO">Verifying element 'xpath=//button[normalize-space()='CANCELAR']' contains exact text 'CANCELAR'.</msg>
<status status="PASS" starttime="20220530 17:08:42.117" endtime="20220530 17:08:42.144"/>
</kw>
<status status="PASS" starttime="20220530 17:08:42.117" endtime="20220530 17:08:42.144"/>
</kw>
<status status="PASS" starttime="20220530 17:08:41.819" endtime="20220530 17:08:42.144"/>
</iter>
<status status="PASS" starttime="20220530 17:08:40.494" endtime="20220530 17:08:42.144"/>
</for>
<status status="PASS" starttime="20220530 17:08:40.493" endtime="20220530 17:08:42.144"/>
</kw>
<kw name="-INGRESAR PASSWORD PARA REGISTRO-" library="tests_keywords">
<arg>${pass_valido_registro}</arg>
<kw name="Wait Until Element Is Visible" library="Selenium2Library">
<arg>${elementos_register_page_pass['reg_passfield']}</arg>
<doc>Waits until the element ``locator`` is visible.</doc>
<status status="PASS" starttime="20220530 17:08:42.145" endtime="20220530 17:08:42.164"/>
</kw>
<kw name="Input Text" library="Selenium2Library">
<arg>${elementos_register_page_pass['reg_passfield']}</arg>
<arg>${pass_valido}</arg>
<doc>Types the given ``text`` into the text field identified by ``locator``.</doc>
<msg timestamp="20220530 17:08:42.166" level="INFO">Typing text 'Claro123' into text field 'xpath=//input[@id='password']'.</msg>
<status status="PASS" starttime="20220530 17:08:42.165" endtime="20220530 17:08:42.308"/>
</kw>
<kw name="Click Button" library="Selenium2Library">
<arg>${elementos_register_page_pass['reg_siguiente']}</arg>
<doc>Clicks the button identified by ``locator``.</doc>
<msg timestamp="20220530 17:08:42.310" level="INFO">Clicking button 'xpath=//button[normalize-space()='SIGUIENTE']'.</msg>
<status status="PASS" starttime="20220530 17:08:42.308" endtime="20220530 17:08:42.428"/>
</kw>
<status status="PASS" starttime="20220530 17:08:42.145" endtime="20220530 17:08:42.428"/>
</kw>
<kw name="-TERMINAR CONFIGURACIÓN TESTCASE-" library="libraries_keywords" type="TEARDOWN">
<kw name="Capture Page Screenshot" library="Selenium2Library">
<doc>Takes a screenshot of the current page and embeds it into a log file.</doc>
<msg timestamp="20220530 17:08:42.572" level="INFO" html="true">&lt;/td&gt;&lt;/tr&gt;&lt;tr&gt;&lt;td colspan="3"&gt;&lt;a href="../../auto_qc/web_auto/QC-WEB-MX/Resultados/screenshots/selenium-screenshot-8.png"&gt;&lt;img src="../../auto_qc/web_auto/QC-WEB-MX/Resultados/screenshots/selenium-screenshot-8.png" width="800px"&gt;&lt;/a&gt;</msg>
<status status="PASS" starttime="20220530 17:08:42.429" endtime="20220530 17:08:42.572"/>
</kw>
<status status="PASS" starttime="20220530 17:08:42.428" endtime="20220530 17:08:42.572"/>
</kw>
<tag>test_Nofuncional</tag>
<status status="PASS" starttime="20220530 17:08:31.852" endtime="20220530 17:08:42.572"/>
</test>
<kw name="-TERMINAR CONFIGURACIÓN SUITETEST-" library="libraries_keywords" type="TEARDOWN">
<kw name="-DESCARGAR SESION CHARLES-" library="libraries_keywords">
<kw name="Download Charles Proxy Session Recording" library="charles_library">
<status status="PASS" starttime="20220530 17:08:42.575" endtime="20220530 17:08:42.603"/>
</kw>
<status status="PASS" starttime="20220530 17:08:42.574" endtime="20220530 17:08:42.604"/>
</kw>
<kw name="-DETENER GRABACION CHARLES-" library="libraries_keywords">
<kw name="Stop Charles Proxy Session Recording" library="charles_library">
<status status="PASS" starttime="20220530 17:08:42.605" endtime="20220530 17:08:42.621"/>
</kw>
<status status="PASS" starttime="20220530 17:08:42.604" endtime="20220530 17:08:42.622"/>
</kw>
<kw name="-CERRAR TODOS LOS NAVEGADORES-" library="libraries_keywords">
<kw name="Close All Browsers" library="Selenium2Library">
<doc>Closes all open browsers and resets the browser cache.</doc>
<status status="PASS" starttime="20220530 17:08:42.623" endtime="20220530 17:08:42.740"/>
</kw>
<status status="PASS" starttime="20220530 17:08:42.623" endtime="20220530 17:08:42.741"/>
</kw>
<kw name="-CERRAR CHARLES-" library="libraries_keywords">
<kw name="Terminate All Charles Proxy Sessions" library="charles_library">
<status status="PASS" starttime="20220530 17:08:42.741" endtime="20220530 17:08:42.753"/>
</kw>
<status status="PASS" starttime="20220530 17:08:42.741" endtime="20220530 17:08:42.754"/>
</kw>
<status status="PASS" starttime="20220530 17:08:42.574" endtime="20220530 17:08:42.754"/>
</kw>
<doc>tester, archivo para probar cambios</doc>
<status status="PASS" starttime="20220530 17:07:43.575" endtime="20220530 17:08:42.754"/>
</suite>
<statistics>
<total>
<stat pass="2" fail="0" skip="0">All Tests</stat>
</total>
<tag>
<stat pass="1" fail="0" skip="0">test_funcional</stat>
<stat pass="1" fail="0" skip="0">test_Nofuncional</stat>
</tag>
<suite>
<stat pass="2" fail="0" skip="0" id="s1" name="Tester">Tester</stat>
</suite>
</statistics>
<errors>
</errors>
</robot>
